{"/Users/mmiklas/Development/TypeScript/functional-ts/register.js":{"path":"/Users/mmiklas/Development/TypeScript/functional-ts/register.js","statementMap":{"0":{"start":{"line":1,"column":15},"end":{"line":1,"column":33}},"1":{"start":{"line":2,"column":21},"end":{"line":2,"column":47}},"2":{"start":{"line":4,"column":0},"end":{"line":8,"column":3}}},"fnMap":{},"branchMap":{},"s":{"0":1,"1":1,"2":1},"f":{},"b":{},"_coverageSchema":"1a1c01bbd47fc00a2c39e90264f33305004495a9","hash":"2850cabf86e35e529bd2c7b461ece53932595c71","contentHash":"ec22aa92aa8560cf99e0ba5494006ed80df4c7c8efccd6d2a68d9b09d59b1a98"},"/Users/mmiklas/Development/TypeScript/functional-ts/src/either.spec.ts":{"path":"/Users/mmiklas/Development/TypeScript/functional-ts/src/either.spec.ts","statementMap":{"0":{"start":{"line":2,"column":0},"end":{"line":2,"column":62}},"1":{"start":{"line":3,"column":17},"end":{"line":3,"column":36}},"2":{"start":{"line":6,"column":8},"end":{"line":8,"column":10}},"3":{"start":{"line":7,"column":12},"end":{"line":7,"column":65}},"4":{"start":{"line":11,"column":19},"end":{"line":11,"column":35}},"5":{"start":{"line":12,"column":8},"end":{"line":12,"column":19}},"6":{"start":{"line":13,"column":8},"end":{"line":13,"column":19}},"7":{"start":{"line":14,"column":8},"end":{"line":14,"column":18}},"8":{"start":{"line":19,"column":8},"end":{"line":19,"column":21}},"9":{"start":{"line":20,"column":8},"end":{"line":22,"column":10}},"10":{"start":{"line":21,"column":12},"end":{"line":21,"column":48}},"11":{"start":{"line":26,"column":4},"end":{"line":26,"column":16}},"12":{"start":{"line":29,"column":4},"end":{"line":29,"column":16}},"13":{"start":{"line":31,"column":0},"end":{"line":41,"column":3}},"14":{"start":{"line":32,"column":4},"end":{"line":34,"column":7}},"15":{"start":{"line":33,"column":8},"end":{"line":33,"column":110}},"16":{"start":{"line":33,"column":56},"end":{"line":33,"column":85}},"17":{"start":{"line":35,"column":4},"end":{"line":37,"column":7}},"18":{"start":{"line":36,"column":8},"end":{"line":36,"column":110}},"19":{"start":{"line":36,"column":57},"end":{"line":36,"column":87}},"20":{"start":{"line":38,"column":4},"end":{"line":40,"column":7}},"21":{"start":{"line":39,"column":8},"end":{"line":39,"column":117}},"22":{"start":{"line":39,"column":21},"end":{"line":39,"column":102}},"23":{"start":{"line":39,"column":63},"end":{"line":39,"column":92}},"24":{"start":{"line":42,"column":0},"end":{"line":66,"column":3}},"25":{"start":{"line":43,"column":4},"end":{"line":52,"column":7}},"26":{"start":{"line":44,"column":20},"end":{"line":48,"column":84}},"27":{"start":{"line":45,"column":25},"end":{"line":45,"column":66}},"28":{"start":{"line":46,"column":12},"end":{"line":46,"column":24}},"29":{"start":{"line":48,"column":25},"end":{"line":48,"column":63}},"30":{"start":{"line":48,"column":75},"end":{"line":48,"column":83}},"31":{"start":{"line":49,"column":23},"end":{"line":49,"column":32}},"32":{"start":{"line":50,"column":8},"end":{"line":50,"column":41}},"33":{"start":{"line":51,"column":8},"end":{"line":51,"column":45}},"34":{"start":{"line":53,"column":4},"end":{"line":60,"column":7}},"35":{"start":{"line":54,"column":20},"end":{"line":58,"column":122}},"36":{"start":{"line":55,"column":25},"end":{"line":55,"column":66}},"37":{"start":{"line":56,"column":12},"end":{"line":56,"column":24}},"38":{"start":{"line":58,"column":25},"end":{"line":58,"column":101}},"39":{"start":{"line":58,"column":59},"end":{"line":58,"column":64}},"40":{"start":{"line":58,"column":72},"end":{"line":58,"column":79}},"41":{"start":{"line":58,"column":87},"end":{"line":58,"column":100}},"42":{"start":{"line":58,"column":113},"end":{"line":58,"column":121}},"43":{"start":{"line":59,"column":8},"end":{"line":59,"column":42}},"44":{"start":{"line":61,"column":4},"end":{"line":65,"column":7}},"45":{"start":{"line":62,"column":19},"end":{"line":62,"column":98}},"46":{"start":{"line":62,"column":53},"end":{"line":62,"column":58}},"47":{"start":{"line":62,"column":66},"end":{"line":62,"column":73}},"48":{"start":{"line":62,"column":81},"end":{"line":62,"column":97}},"49":{"start":{"line":63,"column":20},"end":{"line":63,"column":94}},"50":{"start":{"line":63,"column":35},"end":{"line":63,"column":73}},"51":{"start":{"line":63,"column":85},"end":{"line":63,"column":93}},"52":{"start":{"line":64,"column":8},"end":{"line":64,"column":42}},"53":{"start":{"line":67,"column":0},"end":{"line":80,"column":3}},"54":{"start":{"line":68,"column":16},"end":{"line":68,"column":68}},"55":{"start":{"line":68,"column":55},"end":{"line":68,"column":67}},"56":{"start":{"line":69,"column":15},"end":{"line":69,"column":43}},"57":{"start":{"line":70,"column":4},"end":{"line":74,"column":7}},"58":{"start":{"line":71,"column":8},"end":{"line":73,"column":34}},"59":{"start":{"line":72,"column":12},"end":{"line":72,"column":33}},"60":{"start":{"line":75,"column":4},"end":{"line":79,"column":7}},"61":{"start":{"line":76,"column":8},"end":{"line":78,"column":31}},"62":{"start":{"line":77,"column":12},"end":{"line":77,"column":35}},"63":{"start":{"line":81,"column":0},"end":{"line":96,"column":3}},"64":{"start":{"line":82,"column":19},"end":{"line":82,"column":91}},"65":{"start":{"line":82,"column":53},"end":{"line":82,"column":58}},"66":{"start":{"line":82,"column":66},"end":{"line":82,"column":80}},"67":{"start":{"line":82,"column":88},"end":{"line":82,"column":90}},"68":{"start":{"line":83,"column":19},"end":{"line":83,"column":91}},"69":{"start":{"line":83,"column":53},"end":{"line":83,"column":58}},"70":{"start":{"line":83,"column":66},"end":{"line":83,"column":80}},"71":{"start":{"line":83,"column":88},"end":{"line":83,"column":90}},"72":{"start":{"line":84,"column":20},"end":{"line":84,"column":88}},"73":{"start":{"line":84,"column":54},"end":{"line":84,"column":58}},"74":{"start":{"line":84,"column":66},"end":{"line":84,"column":77}},"75":{"start":{"line":84,"column":85},"end":{"line":84,"column":87}},"76":{"start":{"line":85,"column":20},"end":{"line":85,"column":88}},"77":{"start":{"line":85,"column":54},"end":{"line":85,"column":58}},"78":{"start":{"line":85,"column":66},"end":{"line":85,"column":77}},"79":{"start":{"line":85,"column":85},"end":{"line":85,"column":87}},"80":{"start":{"line":86,"column":4},"end":{"line":90,"column":7}},"81":{"start":{"line":87,"column":20},"end":{"line":87,"column":90}},"82":{"start":{"line":87,"column":86},"end":{"line":87,"column":89}},"83":{"start":{"line":88,"column":8},"end":{"line":88,"column":42}},"84":{"start":{"line":89,"column":8},"end":{"line":89,"column":67}},"85":{"start":{"line":91,"column":4},"end":{"line":95,"column":7}},"86":{"start":{"line":92,"column":20},"end":{"line":92,"column":74}},"87":{"start":{"line":92,"column":70},"end":{"line":92,"column":73}},"88":{"start":{"line":93,"column":8},"end":{"line":93,"column":43}},"89":{"start":{"line":94,"column":8},"end":{"line":94,"column":39}},"90":{"start":{"line":97,"column":0},"end":{"line":113,"column":3}},"91":{"start":{"line":98,"column":16},"end":{"line":98,"column":68}},"92":{"start":{"line":98,"column":55},"end":{"line":98,"column":67}},"93":{"start":{"line":99,"column":15},"end":{"line":99,"column":43}},"94":{"start":{"line":100,"column":15},"end":{"line":100,"column":64}},"95":{"start":{"line":100,"column":53},"end":{"line":100,"column":63}},"96":{"start":{"line":101,"column":4},"end":{"line":103,"column":7}},"97":{"start":{"line":102,"column":8},"end":{"line":102,"column":56}},"98":{"start":{"line":104,"column":4},"end":{"line":106,"column":7}},"99":{"start":{"line":105,"column":8},"end":{"line":105,"column":49}},"100":{"start":{"line":107,"column":4},"end":{"line":109,"column":7}},"101":{"start":{"line":108,"column":8},"end":{"line":108,"column":49}},"102":{"start":{"line":110,"column":4},"end":{"line":112,"column":7}},"103":{"start":{"line":111,"column":8},"end":{"line":111,"column":65}},"104":{"start":{"line":111,"column":27},"end":{"line":111,"column":32}},"105":{"start":{"line":114,"column":0},"end":{"line":127,"column":3}},"106":{"start":{"line":115,"column":16},"end":{"line":115,"column":81}},"107":{"start":{"line":115,"column":68},"end":{"line":115,"column":80}},"108":{"start":{"line":116,"column":15},"end":{"line":116,"column":43}},"109":{"start":{"line":117,"column":15},"end":{"line":117,"column":64}},"110":{"start":{"line":117,"column":53},"end":{"line":117,"column":63}},"111":{"start":{"line":118,"column":4},"end":{"line":120,"column":7}},"112":{"start":{"line":119,"column":8},"end":{"line":119,"column":56}},"113":{"start":{"line":121,"column":4},"end":{"line":123,"column":7}},"114":{"start":{"line":122,"column":8},"end":{"line":122,"column":40}},"115":{"start":{"line":124,"column":4},"end":{"line":126,"column":7}},"116":{"start":{"line":125,"column":8},"end":{"line":125,"column":40}},"117":{"start":{"line":128,"column":0},"end":{"line":141,"column":3}},"118":{"start":{"line":129,"column":16},"end":{"line":129,"column":81}},"119":{"start":{"line":129,"column":68},"end":{"line":129,"column":80}},"120":{"start":{"line":130,"column":15},"end":{"line":130,"column":43}},"121":{"start":{"line":131,"column":15},"end":{"line":131,"column":64}},"122":{"start":{"line":131,"column":53},"end":{"line":131,"column":63}},"123":{"start":{"line":132,"column":4},"end":{"line":134,"column":7}},"124":{"start":{"line":133,"column":8},"end":{"line":133,"column":65}},"125":{"start":{"line":133,"column":35},"end":{"line":133,"column":45}},"126":{"start":{"line":135,"column":4},"end":{"line":137,"column":7}},"127":{"start":{"line":136,"column":8},"end":{"line":136,"column":49}},"128":{"start":{"line":136,"column":34},"end":{"line":136,"column":36}},"129":{"start":{"line":138,"column":4},"end":{"line":140,"column":7}},"130":{"start":{"line":139,"column":8},"end":{"line":139,"column":49}},"131":{"start":{"line":139,"column":34},"end":{"line":139,"column":36}},"132":{"start":{"line":142,"column":0},"end":{"line":174,"column":3}},"133":{"start":{"line":143,"column":16},"end":{"line":143,"column":81}},"134":{"start":{"line":143,"column":68},"end":{"line":143,"column":80}},"135":{"start":{"line":144,"column":15},"end":{"line":144,"column":64}},"136":{"start":{"line":144,"column":53},"end":{"line":144,"column":63}},"137":{"start":{"line":145,"column":4},"end":{"line":147,"column":7}},"138":{"start":{"line":146,"column":8},"end":{"line":146,"column":42}},"139":{"start":{"line":148,"column":4},"end":{"line":150,"column":7}},"140":{"start":{"line":149,"column":8},"end":{"line":149,"column":42}},"141":{"start":{"line":151,"column":4},"end":{"line":153,"column":7}},"142":{"start":{"line":152,"column":8},"end":{"line":152,"column":56}},"143":{"start":{"line":152,"column":21},"end":{"line":152,"column":30}},"144":{"start":{"line":154,"column":4},"end":{"line":157,"column":7}},"145":{"start":{"line":156,"column":8},"end":{"line":156,"column":56}},"146":{"start":{"line":156,"column":28},"end":{"line":156,"column":33}},"147":{"start":{"line":158,"column":4},"end":{"line":161,"column":7}},"148":{"start":{"line":160,"column":8},"end":{"line":160,"column":72}},"149":{"start":{"line":160,"column":21},"end":{"line":160,"column":46}},"150":{"start":{"line":160,"column":34},"end":{"line":160,"column":39}},"151":{"start":{"line":162,"column":4},"end":{"line":164,"column":7}},"152":{"start":{"line":163,"column":8},"end":{"line":163,"column":40}},"153":{"start":{"line":165,"column":4},"end":{"line":167,"column":7}},"154":{"start":{"line":166,"column":8},"end":{"line":166,"column":42}},"155":{"start":{"line":168,"column":4},"end":{"line":170,"column":7}},"156":{"start":{"line":169,"column":8},"end":{"line":169,"column":35}},"157":{"start":{"line":171,"column":4},"end":{"line":173,"column":7}},"158":{"start":{"line":172,"column":8},"end":{"line":172,"column":51}},"159":{"start":{"line":172,"column":27},"end":{"line":172,"column":32}},"160":{"start":{"line":175,"column":0},"end":{"line":188,"column":3}},"161":{"start":{"line":176,"column":16},"end":{"line":176,"column":46}},"162":{"start":{"line":177,"column":4},"end":{"line":179,"column":7}},"163":{"start":{"line":178,"column":8},"end":{"line":178,"column":41}},"164":{"start":{"line":180,"column":4},"end":{"line":182,"column":7}},"165":{"start":{"line":181,"column":8},"end":{"line":181,"column":43}},"166":{"start":{"line":183,"column":4},"end":{"line":187,"column":7}},"167":{"start":{"line":184,"column":19},"end":{"line":184,"column":62}},"168":{"start":{"line":184,"column":56},"end":{"line":184,"column":61}},"169":{"start":{"line":185,"column":8},"end":{"line":185,"column":42}},"170":{"start":{"line":186,"column":8},"end":{"line":186,"column":34}},"171":{"start":{"line":189,"column":0},"end":{"line":205,"column":3}},"172":{"start":{"line":190,"column":17},"end":{"line":190,"column":46}},"173":{"start":{"line":191,"column":4},"end":{"line":193,"column":7}},"174":{"start":{"line":192,"column":8},"end":{"line":192,"column":43}},"175":{"start":{"line":194,"column":4},"end":{"line":196,"column":7}},"176":{"start":{"line":195,"column":8},"end":{"line":195,"column":43}},"177":{"start":{"line":197,"column":4},"end":{"line":199,"column":7}},"178":{"start":{"line":198,"column":8},"end":{"line":198,"column":43}},"179":{"start":{"line":200,"column":4},"end":{"line":204,"column":7}},"180":{"start":{"line":201,"column":19},"end":{"line":201,"column":39}},"181":{"start":{"line":201,"column":33},"end":{"line":201,"column":38}},"182":{"start":{"line":202,"column":8},"end":{"line":202,"column":43}},"183":{"start":{"line":203,"column":8},"end":{"line":203,"column":41}},"184":{"start":{"line":206,"column":0},"end":{"line":225,"column":3}},"185":{"start":{"line":207,"column":16},"end":{"line":207,"column":81}},"186":{"start":{"line":207,"column":68},"end":{"line":207,"column":80}},"187":{"start":{"line":208,"column":15},"end":{"line":208,"column":64}},"188":{"start":{"line":208,"column":53},"end":{"line":208,"column":63}},"189":{"start":{"line":209,"column":4},"end":{"line":212,"column":7}},"190":{"start":{"line":211,"column":8},"end":{"line":211,"column":58}},"191":{"start":{"line":211,"column":28},"end":{"line":211,"column":33}},"192":{"start":{"line":213,"column":4},"end":{"line":215,"column":7}},"193":{"start":{"line":214,"column":8},"end":{"line":214,"column":56}},"194":{"start":{"line":214,"column":27},"end":{"line":214,"column":31}},"195":{"start":{"line":216,"column":4},"end":{"line":218,"column":7}},"196":{"start":{"line":217,"column":8},"end":{"line":217,"column":54}},"197":{"start":{"line":217,"column":27},"end":{"line":217,"column":32}},"198":{"start":{"line":219,"column":4},"end":{"line":221,"column":7}},"199":{"start":{"line":220,"column":8},"end":{"line":220,"column":61}},"200":{"start":{"line":220,"column":27},"end":{"line":220,"column":35}},"201":{"start":{"line":222,"column":4},"end":{"line":224,"column":7}},"202":{"start":{"line":223,"column":8},"end":{"line":223,"column":64}},"203":{"start":{"line":223,"column":27},"end":{"line":223,"column":40}},"204":{"start":{"line":223,"column":33},"end":{"line":223,"column":40}},"205":{"start":{"line":226,"column":0},"end":{"line":241,"column":3}},"206":{"start":{"line":227,"column":4},"end":{"line":230,"column":7}},"207":{"start":{"line":228,"column":20},"end":{"line":228,"column":136}},"208":{"start":{"line":228,"column":71},"end":{"line":228,"column":112}},"209":{"start":{"line":228,"column":124},"end":{"line":228,"column":135}},"210":{"start":{"line":229,"column":8},"end":{"line":229,"column":44}},"211":{"start":{"line":231,"column":4},"end":{"line":235,"column":7}},"212":{"start":{"line":232,"column":20},"end":{"line":233,"column":127}},"213":{"start":{"line":233,"column":26},"end":{"line":233,"column":103}},"214":{"start":{"line":233,"column":60},"end":{"line":233,"column":65}},"215":{"start":{"line":233,"column":73},"end":{"line":233,"column":78}},"216":{"start":{"line":233,"column":86},"end":{"line":233,"column":102}},"217":{"start":{"line":233,"column":115},"end":{"line":233,"column":126}},"218":{"start":{"line":234,"column":8},"end":{"line":234,"column":42}},"219":{"start":{"line":236,"column":4},"end":{"line":240,"column":7}},"220":{"start":{"line":237,"column":20},"end":{"line":238,"column":90}},"221":{"start":{"line":237,"column":54},"end":{"line":237,"column":59}},"222":{"start":{"line":237,"column":67},"end":{"line":237,"column":72}},"223":{"start":{"line":237,"column":80},"end":{"line":237,"column":102}},"224":{"start":{"line":238,"column":25},"end":{"line":238,"column":66}},"225":{"start":{"line":238,"column":78},"end":{"line":238,"column":89}},"226":{"start":{"line":239,"column":8},"end":{"line":239,"column":42}},"227":{"start":{"line":242,"column":0},"end":{"line":257,"column":3}},"228":{"start":{"line":243,"column":4},"end":{"line":246,"column":7}},"229":{"start":{"line":244,"column":20},"end":{"line":244,"column":133}},"230":{"start":{"line":245,"column":8},"end":{"line":245,"column":42}},"231":{"start":{"line":247,"column":4},"end":{"line":251,"column":7}},"232":{"start":{"line":248,"column":20},"end":{"line":248,"column":128}},"233":{"start":{"line":249,"column":8},"end":{"line":249,"column":43}},"234":{"start":{"line":250,"column":8},"end":{"line":250,"column":46}},"235":{"start":{"line":252,"column":4},"end":{"line":256,"column":7}},"236":{"start":{"line":253,"column":20},"end":{"line":253,"column":158}},"237":{"start":{"line":254,"column":8},"end":{"line":254,"column":43}},"238":{"start":{"line":255,"column":8},"end":{"line":255,"column":46}},"239":{"start":{"line":258,"column":0},"end":{"line":267,"column":3}},"240":{"start":{"line":259,"column":4},"end":{"line":262,"column":7}},"241":{"start":{"line":260,"column":20},"end":{"line":260,"column":148}},"242":{"start":{"line":260,"column":47},"end":{"line":260,"column":113}},"243":{"start":{"line":260,"column":81},"end":{"line":260,"column":86}},"244":{"start":{"line":260,"column":94},"end":{"line":260,"column":99}},"245":{"start":{"line":260,"column":107},"end":{"line":260,"column":112}},"246":{"start":{"line":261,"column":8},"end":{"line":261,"column":48}},"247":{"start":{"line":263,"column":4},"end":{"line":266,"column":7}},"248":{"start":{"line":264,"column":20},"end":{"line":264,"column":146}},"249":{"start":{"line":264,"column":47},"end":{"line":264,"column":113}},"250":{"start":{"line":264,"column":81},"end":{"line":264,"column":86}},"251":{"start":{"line":264,"column":94},"end":{"line":264,"column":99}},"252":{"start":{"line":264,"column":107},"end":{"line":264,"column":112}},"253":{"start":{"line":265,"column":8},"end":{"line":265,"column":42}},"254":{"start":{"line":268,"column":0},"end":{"line":279,"column":3}},"255":{"start":{"line":269,"column":4},"end":{"line":273,"column":7}},"256":{"start":{"line":270,"column":20},"end":{"line":270,"column":153}},"257":{"start":{"line":270,"column":68},"end":{"line":270,"column":102}},"258":{"start":{"line":270,"column":109},"end":{"line":270,"column":152}},"259":{"start":{"line":271,"column":8},"end":{"line":271,"column":42}},"260":{"start":{"line":272,"column":8},"end":{"line":272,"column":43}},"261":{"start":{"line":274,"column":4},"end":{"line":278,"column":7}},"262":{"start":{"line":275,"column":20},"end":{"line":275,"column":163}},"263":{"start":{"line":275,"column":85},"end":{"line":275,"column":119}},"264":{"start":{"line":275,"column":126},"end":{"line":275,"column":162}},"265":{"start":{"line":276,"column":8},"end":{"line":276,"column":43}},"266":{"start":{"line":277,"column":8},"end":{"line":277,"column":44}},"267":{"start":{"line":280,"column":0},"end":{"line":336,"column":3}},"268":{"start":{"line":281,"column":21},"end":{"line":281,"column":91}},"269":{"start":{"line":281,"column":55},"end":{"line":281,"column":60}},"270":{"start":{"line":281,"column":68},"end":{"line":281,"column":80}},"271":{"start":{"line":281,"column":88},"end":{"line":281,"column":90}},"272":{"start":{"line":282,"column":22},"end":{"line":282,"column":90}},"273":{"start":{"line":282,"column":56},"end":{"line":282,"column":60}},"274":{"start":{"line":282,"column":68},"end":{"line":282,"column":79}},"275":{"start":{"line":282,"column":87},"end":{"line":282,"column":89}},"276":{"start":{"line":283,"column":21},"end":{"line":283,"column":112}},"277":{"start":{"line":283,"column":55},"end":{"line":283,"column":60}},"278":{"start":{"line":283,"column":68},"end":{"line":283,"column":80}},"279":{"start":{"line":283,"column":88},"end":{"line":283,"column":111}},"280":{"start":{"line":284,"column":22},"end":{"line":284,"column":110}},"281":{"start":{"line":284,"column":56},"end":{"line":284,"column":60}},"282":{"start":{"line":284,"column":68},"end":{"line":284,"column":79}},"283":{"start":{"line":284,"column":87},"end":{"line":284,"column":109}},"284":{"start":{"line":285,"column":4},"end":{"line":290,"column":7}},"285":{"start":{"line":286,"column":8},"end":{"line":286,"column":47}},"286":{"start":{"line":287,"column":20},"end":{"line":287,"column":55}},"287":{"start":{"line":287,"column":38},"end":{"line":287,"column":54}},"288":{"start":{"line":288,"column":8},"end":{"line":288,"column":40}},"289":{"start":{"line":289,"column":8},"end":{"line":289,"column":59}},"290":{"start":{"line":291,"column":4},"end":{"line":293,"column":7}},"291":{"start":{"line":292,"column":8},"end":{"line":292,"column":64}},"292":{"start":{"line":294,"column":4},"end":{"line":296,"column":7}},"293":{"start":{"line":295,"column":8},"end":{"line":295,"column":47}},"294":{"start":{"line":297,"column":4},"end":{"line":299,"column":7}},"295":{"start":{"line":298,"column":8},"end":{"line":298,"column":47}},"296":{"start":{"line":300,"column":4},"end":{"line":302,"column":7}},"297":{"start":{"line":301,"column":8},"end":{"line":301,"column":49}},"298":{"start":{"line":303,"column":4},"end":{"line":305,"column":7}},"299":{"start":{"line":304,"column":8},"end":{"line":304,"column":77}},"300":{"start":{"line":306,"column":4},"end":{"line":308,"column":7}},"301":{"start":{"line":307,"column":8},"end":{"line":307,"column":52}},"302":{"start":{"line":309,"column":4},"end":{"line":311,"column":7}},"303":{"start":{"line":310,"column":8},"end":{"line":310,"column":71}},"304":{"start":{"line":310,"column":34},"end":{"line":310,"column":43}},"305":{"start":{"line":312,"column":4},"end":{"line":314,"column":7}},"306":{"start":{"line":313,"column":8},"end":{"line":313,"column":47}},"307":{"start":{"line":315,"column":4},"end":{"line":317,"column":7}},"308":{"start":{"line":316,"column":8},"end":{"line":316,"column":47}},"309":{"start":{"line":318,"column":4},"end":{"line":320,"column":7}},"310":{"start":{"line":319,"column":8},"end":{"line":319,"column":64}},"311":{"start":{"line":321,"column":4},"end":{"line":323,"column":7}},"312":{"start":{"line":322,"column":8},"end":{"line":322,"column":61}},"313":{"start":{"line":322,"column":21},"end":{"line":322,"column":35}},"314":{"start":{"line":324,"column":4},"end":{"line":326,"column":7}},"315":{"start":{"line":325,"column":8},"end":{"line":325,"column":47}},"316":{"start":{"line":327,"column":4},"end":{"line":329,"column":7}},"317":{"start":{"line":328,"column":8},"end":{"line":328,"column":49}},"318":{"start":{"line":330,"column":4},"end":{"line":332,"column":7}},"319":{"start":{"line":331,"column":8},"end":{"line":331,"column":58}},"320":{"start":{"line":333,"column":4},"end":{"line":335,"column":7}},"321":{"start":{"line":334,"column":8},"end":{"line":334,"column":44}}},"fnMap":{"0":{"name":"(anonymous_0)","decl":{"start":{"line":5,"column":4},"end":{"line":5,"column":5}},"loc":{"start":{"line":5,"column":18},"end":{"line":9,"column":5}},"line":5},"1":{"name":"(anonymous_1)","decl":{"start":{"line":6,"column":24},"end":{"line":6,"column":25}},"loc":{"start":{"line":6,"column":30},"end":{"line":8,"column":9}},"line":6},"2":{"name":"(anonymous_2)","decl":{"start":{"line":10,"column":4},"end":{"line":10,"column":5}},"loc":{"start":{"line":10,"column":26},"end":{"line":15,"column":5}},"line":10},"3":{"name":"(anonymous_3)","decl":{"start":{"line":18,"column":4},"end":{"line":18,"column":5}},"loc":{"start":{"line":18,"column":20},"end":{"line":23,"column":5}},"line":18},"4":{"name":"(anonymous_4)","decl":{"start":{"line":20,"column":24},"end":{"line":20,"column":25}},"loc":{"start":{"line":20,"column":30},"end":{"line":22,"column":9}},"line":20},"5":{"name":"getNullOrNumber","decl":{"start":{"line":25,"column":9},"end":{"line":25,"column":24}},"loc":{"start":{"line":25,"column":27},"end":{"line":27,"column":1}},"line":25},"6":{"name":"getNullOrString","decl":{"start":{"line":28,"column":9},"end":{"line":28,"column":24}},"loc":{"start":{"line":28,"column":27},"end":{"line":30,"column":1}},"line":28},"7":{"name":"(anonymous_7)","decl":{"start":{"line":31,"column":26},"end":{"line":31,"column":27}},"loc":{"start":{"line":31,"column":32},"end":{"line":41,"column":1}},"line":31},"8":{"name":"(anonymous_8)","decl":{"start":{"line":32,"column":22},"end":{"line":32,"column":23}},"loc":{"start":{"line":32,"column":28},"end":{"line":34,"column":5}},"line":32},"9":{"name":"(anonymous_9)","decl":{"start":{"line":33,"column":51},"end":{"line":33,"column":52}},"loc":{"start":{"line":33,"column":56},"end":{"line":33,"column":85}},"line":33},"10":{"name":"(anonymous_10)","decl":{"start":{"line":35,"column":25},"end":{"line":35,"column":26}},"loc":{"start":{"line":35,"column":31},"end":{"line":37,"column":5}},"line":35},"11":{"name":"(anonymous_11)","decl":{"start":{"line":36,"column":52},"end":{"line":36,"column":53}},"loc":{"start":{"line":36,"column":57},"end":{"line":36,"column":87}},"line":36},"12":{"name":"(anonymous_12)","decl":{"start":{"line":38,"column":25},"end":{"line":38,"column":26}},"loc":{"start":{"line":38,"column":31},"end":{"line":40,"column":5}},"line":38},"13":{"name":"(anonymous_13)","decl":{"start":{"line":39,"column":15},"end":{"line":39,"column":16}},"loc":{"start":{"line":39,"column":21},"end":{"line":39,"column":102}},"line":39},"14":{"name":"(anonymous_14)","decl":{"start":{"line":39,"column":58},"end":{"line":39,"column":59}},"loc":{"start":{"line":39,"column":63},"end":{"line":39,"column":92}},"line":39},"15":{"name":"(anonymous_15)","decl":{"start":{"line":42,"column":26},"end":{"line":42,"column":27}},"loc":{"start":{"line":42,"column":32},"end":{"line":66,"column":1}},"line":42},"16":{"name":"(anonymous_16)","decl":{"start":{"line":43,"column":40},"end":{"line":43,"column":41}},"loc":{"start":{"line":43,"column":46},"end":{"line":52,"column":5}},"line":43},"17":{"name":"(anonymous_17)","decl":{"start":{"line":45,"column":19},"end":{"line":45,"column":20}},"loc":{"start":{"line":45,"column":25},"end":{"line":45,"column":66}},"line":45},"18":{"name":"(anonymous_18)","decl":{"start":{"line":45,"column":68},"end":{"line":45,"column":69}},"loc":{"start":{"line":45,"column":78},"end":{"line":47,"column":9}},"line":45},"19":{"name":"(anonymous_19)","decl":{"start":{"line":48,"column":20},"end":{"line":48,"column":21}},"loc":{"start":{"line":48,"column":25},"end":{"line":48,"column":63}},"line":48},"20":{"name":"(anonymous_20)","decl":{"start":{"line":48,"column":65},"end":{"line":48,"column":66}},"loc":{"start":{"line":48,"column":75},"end":{"line":48,"column":83}},"line":48},"21":{"name":"(anonymous_21)","decl":{"start":{"line":53,"column":39},"end":{"line":53,"column":40}},"loc":{"start":{"line":53,"column":45},"end":{"line":60,"column":5}},"line":53},"22":{"name":"(anonymous_22)","decl":{"start":{"line":55,"column":19},"end":{"line":55,"column":20}},"loc":{"start":{"line":55,"column":25},"end":{"line":55,"column":66}},"line":55},"23":{"name":"(anonymous_23)","decl":{"start":{"line":55,"column":68},"end":{"line":55,"column":69}},"loc":{"start":{"line":55,"column":78},"end":{"line":57,"column":9}},"line":55},"24":{"name":"(anonymous_24)","decl":{"start":{"line":58,"column":20},"end":{"line":58,"column":21}},"loc":{"start":{"line":58,"column":25},"end":{"line":58,"column":101}},"line":58},"25":{"name":"(anonymous_25)","decl":{"start":{"line":58,"column":53},"end":{"line":58,"column":54}},"loc":{"start":{"line":58,"column":59},"end":{"line":58,"column":64}},"line":58},"26":{"name":"(anonymous_26)","decl":{"start":{"line":58,"column":66},"end":{"line":58,"column":67}},"loc":{"start":{"line":58,"column":72},"end":{"line":58,"column":79}},"line":58},"27":{"name":"(anonymous_27)","decl":{"start":{"line":58,"column":81},"end":{"line":58,"column":82}},"loc":{"start":{"line":58,"column":87},"end":{"line":58,"column":100}},"line":58},"28":{"name":"(anonymous_28)","decl":{"start":{"line":58,"column":103},"end":{"line":58,"column":104}},"loc":{"start":{"line":58,"column":113},"end":{"line":58,"column":121}},"line":58},"29":{"name":"(anonymous_29)","decl":{"start":{"line":61,"column":39},"end":{"line":61,"column":40}},"loc":{"start":{"line":61,"column":45},"end":{"line":65,"column":5}},"line":61},"30":{"name":"(anonymous_30)","decl":{"start":{"line":62,"column":47},"end":{"line":62,"column":48}},"loc":{"start":{"line":62,"column":53},"end":{"line":62,"column":58}},"line":62},"31":{"name":"(anonymous_31)","decl":{"start":{"line":62,"column":60},"end":{"line":62,"column":61}},"loc":{"start":{"line":62,"column":66},"end":{"line":62,"column":73}},"line":62},"32":{"name":"(anonymous_32)","decl":{"start":{"line":62,"column":75},"end":{"line":62,"column":76}},"loc":{"start":{"line":62,"column":81},"end":{"line":62,"column":97}},"line":62},"33":{"name":"(anonymous_33)","decl":{"start":{"line":63,"column":30},"end":{"line":63,"column":31}},"loc":{"start":{"line":63,"column":35},"end":{"line":63,"column":73}},"line":63},"34":{"name":"(anonymous_34)","decl":{"start":{"line":63,"column":75},"end":{"line":63,"column":76}},"loc":{"start":{"line":63,"column":85},"end":{"line":63,"column":93}},"line":63},"35":{"name":"(anonymous_35)","decl":{"start":{"line":67,"column":24},"end":{"line":67,"column":25}},"loc":{"start":{"line":67,"column":30},"end":{"line":80,"column":1}},"line":67},"36":{"name":"(anonymous_36)","decl":{"start":{"line":68,"column":49},"end":{"line":68,"column":50}},"loc":{"start":{"line":68,"column":55},"end":{"line":68,"column":67}},"line":68},"37":{"name":"(anonymous_37)","decl":{"start":{"line":70,"column":20},"end":{"line":70,"column":21}},"loc":{"start":{"line":70,"column":26},"end":{"line":74,"column":5}},"line":70},"38":{"name":"(anonymous_38)","decl":{"start":{"line":71,"column":24},"end":{"line":71,"column":25}},"loc":{"start":{"line":71,"column":31},"end":{"line":73,"column":9}},"line":71},"39":{"name":"(anonymous_39)","decl":{"start":{"line":75,"column":21},"end":{"line":75,"column":22}},"loc":{"start":{"line":75,"column":27},"end":{"line":79,"column":5}},"line":75},"40":{"name":"(anonymous_40)","decl":{"start":{"line":76,"column":23},"end":{"line":76,"column":24}},"loc":{"start":{"line":76,"column":30},"end":{"line":78,"column":9}},"line":76},"41":{"name":"(anonymous_41)","decl":{"start":{"line":81,"column":27},"end":{"line":81,"column":28}},"loc":{"start":{"line":81,"column":33},"end":{"line":96,"column":1}},"line":81},"42":{"name":"(anonymous_42)","decl":{"start":{"line":82,"column":47},"end":{"line":82,"column":48}},"loc":{"start":{"line":82,"column":53},"end":{"line":82,"column":58}},"line":82},"43":{"name":"(anonymous_43)","decl":{"start":{"line":82,"column":60},"end":{"line":82,"column":61}},"loc":{"start":{"line":82,"column":66},"end":{"line":82,"column":80}},"line":82},"44":{"name":"(anonymous_44)","decl":{"start":{"line":82,"column":82},"end":{"line":82,"column":83}},"loc":{"start":{"line":82,"column":88},"end":{"line":82,"column":90}},"line":82},"45":{"name":"(anonymous_45)","decl":{"start":{"line":83,"column":47},"end":{"line":83,"column":48}},"loc":{"start":{"line":83,"column":53},"end":{"line":83,"column":58}},"line":83},"46":{"name":"(anonymous_46)","decl":{"start":{"line":83,"column":60},"end":{"line":83,"column":61}},"loc":{"start":{"line":83,"column":66},"end":{"line":83,"column":80}},"line":83},"47":{"name":"(anonymous_47)","decl":{"start":{"line":83,"column":82},"end":{"line":83,"column":83}},"loc":{"start":{"line":83,"column":88},"end":{"line":83,"column":90}},"line":83},"48":{"name":"(anonymous_48)","decl":{"start":{"line":84,"column":48},"end":{"line":84,"column":49}},"loc":{"start":{"line":84,"column":54},"end":{"line":84,"column":58}},"line":84},"49":{"name":"(anonymous_49)","decl":{"start":{"line":84,"column":60},"end":{"line":84,"column":61}},"loc":{"start":{"line":84,"column":66},"end":{"line":84,"column":77}},"line":84},"50":{"name":"(anonymous_50)","decl":{"start":{"line":84,"column":79},"end":{"line":84,"column":80}},"loc":{"start":{"line":84,"column":85},"end":{"line":84,"column":87}},"line":84},"51":{"name":"(anonymous_51)","decl":{"start":{"line":85,"column":48},"end":{"line":85,"column":49}},"loc":{"start":{"line":85,"column":54},"end":{"line":85,"column":58}},"line":85},"52":{"name":"(anonymous_52)","decl":{"start":{"line":85,"column":60},"end":{"line":85,"column":61}},"loc":{"start":{"line":85,"column":66},"end":{"line":85,"column":77}},"line":85},"53":{"name":"(anonymous_53)","decl":{"start":{"line":85,"column":79},"end":{"line":85,"column":80}},"loc":{"start":{"line":85,"column":85},"end":{"line":85,"column":87}},"line":85},"54":{"name":"(anonymous_54)","decl":{"start":{"line":86,"column":16},"end":{"line":86,"column":17}},"loc":{"start":{"line":86,"column":22},"end":{"line":90,"column":5}},"line":86},"55":{"name":"(anonymous_55)","decl":{"start":{"line":87,"column":80},"end":{"line":87,"column":81}},"loc":{"start":{"line":87,"column":86},"end":{"line":87,"column":89}},"line":87},"56":{"name":"(anonymous_56)","decl":{"start":{"line":91,"column":17},"end":{"line":91,"column":18}},"loc":{"start":{"line":91,"column":23},"end":{"line":95,"column":5}},"line":91},"57":{"name":"(anonymous_57)","decl":{"start":{"line":92,"column":64},"end":{"line":92,"column":65}},"loc":{"start":{"line":92,"column":70},"end":{"line":92,"column":73}},"line":92},"58":{"name":"(anonymous_58)","decl":{"start":{"line":97,"column":28},"end":{"line":97,"column":29}},"loc":{"start":{"line":97,"column":34},"end":{"line":113,"column":1}},"line":97},"59":{"name":"(anonymous_59)","decl":{"start":{"line":98,"column":49},"end":{"line":98,"column":50}},"loc":{"start":{"line":98,"column":55},"end":{"line":98,"column":67}},"line":98},"60":{"name":"(anonymous_60)","decl":{"start":{"line":100,"column":47},"end":{"line":100,"column":48}},"loc":{"start":{"line":100,"column":53},"end":{"line":100,"column":63}},"line":100},"61":{"name":"(anonymous_61)","decl":{"start":{"line":101,"column":20},"end":{"line":101,"column":21}},"loc":{"start":{"line":101,"column":26},"end":{"line":103,"column":5}},"line":101},"62":{"name":"(anonymous_62)","decl":{"start":{"line":104,"column":30},"end":{"line":104,"column":31}},"loc":{"start":{"line":104,"column":36},"end":{"line":106,"column":5}},"line":104},"63":{"name":"(anonymous_63)","decl":{"start":{"line":107,"column":21},"end":{"line":107,"column":22}},"loc":{"start":{"line":107,"column":27},"end":{"line":109,"column":5}},"line":107},"64":{"name":"(anonymous_64)","decl":{"start":{"line":110,"column":29},"end":{"line":110,"column":30}},"loc":{"start":{"line":110,"column":35},"end":{"line":112,"column":5}},"line":110},"65":{"name":"(anonymous_65)","decl":{"start":{"line":111,"column":22},"end":{"line":111,"column":23}},"loc":{"start":{"line":111,"column":27},"end":{"line":111,"column":32}},"line":111},"66":{"name":"(anonymous_66)","decl":{"start":{"line":114,"column":26},"end":{"line":114,"column":27}},"loc":{"start":{"line":114,"column":32},"end":{"line":127,"column":1}},"line":114},"67":{"name":"(anonymous_67)","decl":{"start":{"line":115,"column":62},"end":{"line":115,"column":63}},"loc":{"start":{"line":115,"column":68},"end":{"line":115,"column":80}},"line":115},"68":{"name":"(anonymous_68)","decl":{"start":{"line":117,"column":47},"end":{"line":117,"column":48}},"loc":{"start":{"line":117,"column":53},"end":{"line":117,"column":63}},"line":117},"69":{"name":"(anonymous_69)","decl":{"start":{"line":118,"column":20},"end":{"line":118,"column":21}},"loc":{"start":{"line":118,"column":26},"end":{"line":120,"column":5}},"line":118},"70":{"name":"(anonymous_70)","decl":{"start":{"line":121,"column":30},"end":{"line":121,"column":31}},"loc":{"start":{"line":121,"column":36},"end":{"line":123,"column":5}},"line":121},"71":{"name":"(anonymous_71)","decl":{"start":{"line":124,"column":21},"end":{"line":124,"column":22}},"loc":{"start":{"line":124,"column":27},"end":{"line":126,"column":5}},"line":124},"72":{"name":"(anonymous_72)","decl":{"start":{"line":128,"column":29},"end":{"line":128,"column":30}},"loc":{"start":{"line":128,"column":35},"end":{"line":141,"column":1}},"line":128},"73":{"name":"(anonymous_73)","decl":{"start":{"line":129,"column":62},"end":{"line":129,"column":63}},"loc":{"start":{"line":129,"column":68},"end":{"line":129,"column":80}},"line":129},"74":{"name":"(anonymous_74)","decl":{"start":{"line":131,"column":47},"end":{"line":131,"column":48}},"loc":{"start":{"line":131,"column":53},"end":{"line":131,"column":63}},"line":131},"75":{"name":"(anonymous_75)","decl":{"start":{"line":132,"column":20},"end":{"line":132,"column":21}},"loc":{"start":{"line":132,"column":26},"end":{"line":134,"column":5}},"line":132},"76":{"name":"(anonymous_76)","decl":{"start":{"line":133,"column":29},"end":{"line":133,"column":30}},"loc":{"start":{"line":133,"column":35},"end":{"line":133,"column":45}},"line":133},"77":{"name":"(anonymous_77)","decl":{"start":{"line":135,"column":30},"end":{"line":135,"column":31}},"loc":{"start":{"line":135,"column":36},"end":{"line":137,"column":5}},"line":135},"78":{"name":"(anonymous_78)","decl":{"start":{"line":136,"column":28},"end":{"line":136,"column":29}},"loc":{"start":{"line":136,"column":34},"end":{"line":136,"column":36}},"line":136},"79":{"name":"(anonymous_79)","decl":{"start":{"line":138,"column":21},"end":{"line":138,"column":22}},"loc":{"start":{"line":138,"column":27},"end":{"line":140,"column":5}},"line":138},"80":{"name":"(anonymous_80)","decl":{"start":{"line":139,"column":28},"end":{"line":139,"column":29}},"loc":{"start":{"line":139,"column":34},"end":{"line":139,"column":36}},"line":139},"81":{"name":"(anonymous_81)","decl":{"start":{"line":142,"column":30},"end":{"line":142,"column":31}},"loc":{"start":{"line":142,"column":36},"end":{"line":174,"column":1}},"line":142},"82":{"name":"(anonymous_82)","decl":{"start":{"line":143,"column":62},"end":{"line":143,"column":63}},"loc":{"start":{"line":143,"column":68},"end":{"line":143,"column":80}},"line":143},"83":{"name":"(anonymous_83)","decl":{"start":{"line":144,"column":47},"end":{"line":144,"column":48}},"loc":{"start":{"line":144,"column":53},"end":{"line":144,"column":63}},"line":144},"84":{"name":"(anonymous_84)","decl":{"start":{"line":145,"column":29},"end":{"line":145,"column":30}},"loc":{"start":{"line":145,"column":35},"end":{"line":147,"column":5}},"line":145},"85":{"name":"(anonymous_85)","decl":{"start":{"line":148,"column":30},"end":{"line":148,"column":31}},"loc":{"start":{"line":148,"column":36},"end":{"line":150,"column":5}},"line":148},"86":{"name":"(anonymous_86)","decl":{"start":{"line":151,"column":26},"end":{"line":151,"column":27}},"loc":{"start":{"line":151,"column":32},"end":{"line":153,"column":5}},"line":151},"87":{"name":"(anonymous_87)","decl":{"start":{"line":152,"column":15},"end":{"line":152,"column":16}},"loc":{"start":{"line":152,"column":21},"end":{"line":152,"column":30}},"line":152},"88":{"name":"(anonymous_88)","decl":{"start":{"line":154,"column":26},"end":{"line":154,"column":27}},"loc":{"start":{"line":154,"column":32},"end":{"line":157,"column":5}},"line":154},"89":{"name":"(anonymous_89)","decl":{"start":{"line":156,"column":23},"end":{"line":156,"column":24}},"loc":{"start":{"line":156,"column":28},"end":{"line":156,"column":33}},"line":156},"90":{"name":"(anonymous_90)","decl":{"start":{"line":158,"column":32},"end":{"line":158,"column":33}},"loc":{"start":{"line":158,"column":38},"end":{"line":161,"column":5}},"line":158},"91":{"name":"(anonymous_91)","decl":{"start":{"line":160,"column":15},"end":{"line":160,"column":16}},"loc":{"start":{"line":160,"column":21},"end":{"line":160,"column":46}},"line":160},"92":{"name":"(anonymous_92)","decl":{"start":{"line":160,"column":29},"end":{"line":160,"column":30}},"loc":{"start":{"line":160,"column":34},"end":{"line":160,"column":39}},"line":160},"93":{"name":"(anonymous_93)","decl":{"start":{"line":162,"column":31},"end":{"line":162,"column":32}},"loc":{"start":{"line":162,"column":37},"end":{"line":164,"column":5}},"line":162},"94":{"name":"(anonymous_94)","decl":{"start":{"line":165,"column":32},"end":{"line":165,"column":33}},"loc":{"start":{"line":165,"column":38},"end":{"line":167,"column":5}},"line":165},"95":{"name":"(anonymous_95)","decl":{"start":{"line":168,"column":28},"end":{"line":168,"column":29}},"loc":{"start":{"line":168,"column":34},"end":{"line":170,"column":5}},"line":168},"96":{"name":"(anonymous_96)","decl":{"start":{"line":171,"column":28},"end":{"line":171,"column":29}},"loc":{"start":{"line":171,"column":34},"end":{"line":173,"column":5}},"line":171},"97":{"name":"(anonymous_97)","decl":{"start":{"line":172,"column":22},"end":{"line":172,"column":23}},"loc":{"start":{"line":172,"column":27},"end":{"line":172,"column":32}},"line":172},"98":{"name":"(anonymous_98)","decl":{"start":{"line":175,"column":22},"end":{"line":175,"column":23}},"loc":{"start":{"line":175,"column":28},"end":{"line":188,"column":1}},"line":175},"99":{"name":"(anonymous_99)","decl":{"start":{"line":177,"column":17},"end":{"line":177,"column":18}},"loc":{"start":{"line":177,"column":23},"end":{"line":179,"column":5}},"line":177},"100":{"name":"(anonymous_100)","decl":{"start":{"line":180,"column":18},"end":{"line":180,"column":19}},"loc":{"start":{"line":180,"column":24},"end":{"line":182,"column":5}},"line":180},"101":{"name":"(anonymous_101)","decl":{"start":{"line":183,"column":26},"end":{"line":183,"column":27}},"loc":{"start":{"line":183,"column":32},"end":{"line":187,"column":5}},"line":183},"102":{"name":"(anonymous_102)","decl":{"start":{"line":184,"column":51},"end":{"line":184,"column":52}},"loc":{"start":{"line":184,"column":56},"end":{"line":184,"column":61}},"line":184},"103":{"name":"(anonymous_103)","decl":{"start":{"line":189,"column":26},"end":{"line":189,"column":27}},"loc":{"start":{"line":189,"column":32},"end":{"line":205,"column":1}},"line":189},"104":{"name":"(anonymous_104)","decl":{"start":{"line":191,"column":17},"end":{"line":191,"column":18}},"loc":{"start":{"line":191,"column":23},"end":{"line":193,"column":5}},"line":191},"105":{"name":"(anonymous_105)","decl":{"start":{"line":194,"column":18},"end":{"line":194,"column":19}},"loc":{"start":{"line":194,"column":24},"end":{"line":196,"column":5}},"line":194},"106":{"name":"(anonymous_106)","decl":{"start":{"line":197,"column":18},"end":{"line":197,"column":19}},"loc":{"start":{"line":197,"column":24},"end":{"line":199,"column":5}},"line":197},"107":{"name":"(anonymous_107)","decl":{"start":{"line":200,"column":26},"end":{"line":200,"column":27}},"loc":{"start":{"line":200,"column":32},"end":{"line":204,"column":5}},"line":200},"108":{"name":"(anonymous_108)","decl":{"start":{"line":201,"column":28},"end":{"line":201,"column":29}},"loc":{"start":{"line":201,"column":33},"end":{"line":201,"column":38}},"line":201},"109":{"name":"(anonymous_109)","decl":{"start":{"line":206,"column":23},"end":{"line":206,"column":24}},"loc":{"start":{"line":206,"column":29},"end":{"line":225,"column":1}},"line":206},"110":{"name":"(anonymous_110)","decl":{"start":{"line":207,"column":62},"end":{"line":207,"column":63}},"loc":{"start":{"line":207,"column":68},"end":{"line":207,"column":80}},"line":207},"111":{"name":"(anonymous_111)","decl":{"start":{"line":208,"column":47},"end":{"line":208,"column":48}},"loc":{"start":{"line":208,"column":53},"end":{"line":208,"column":63}},"line":208},"112":{"name":"(anonymous_112)","decl":{"start":{"line":209,"column":15},"end":{"line":209,"column":16}},"loc":{"start":{"line":209,"column":21},"end":{"line":212,"column":5}},"line":209},"113":{"name":"(anonymous_113)","decl":{"start":{"line":211,"column":23},"end":{"line":211,"column":24}},"loc":{"start":{"line":211,"column":28},"end":{"line":211,"column":33}},"line":211},"114":{"name":"(anonymous_114)","decl":{"start":{"line":213,"column":22},"end":{"line":213,"column":23}},"loc":{"start":{"line":213,"column":28},"end":{"line":215,"column":5}},"line":213},"115":{"name":"(anonymous_115)","decl":{"start":{"line":214,"column":22},"end":{"line":214,"column":23}},"loc":{"start":{"line":214,"column":27},"end":{"line":214,"column":31}},"line":214},"116":{"name":"(anonymous_116)","decl":{"start":{"line":216,"column":27},"end":{"line":216,"column":28}},"loc":{"start":{"line":216,"column":33},"end":{"line":218,"column":5}},"line":216},"117":{"name":"(anonymous_117)","decl":{"start":{"line":217,"column":22},"end":{"line":217,"column":23}},"loc":{"start":{"line":217,"column":27},"end":{"line":217,"column":32}},"line":217},"118":{"name":"(anonymous_118)","decl":{"start":{"line":219,"column":32},"end":{"line":219,"column":33}},"loc":{"start":{"line":219,"column":38},"end":{"line":221,"column":5}},"line":219},"119":{"name":"(anonymous_119)","decl":{"start":{"line":220,"column":22},"end":{"line":220,"column":23}},"loc":{"start":{"line":220,"column":27},"end":{"line":220,"column":35}},"line":220},"120":{"name":"(anonymous_120)","decl":{"start":{"line":222,"column":26},"end":{"line":222,"column":27}},"loc":{"start":{"line":222,"column":32},"end":{"line":224,"column":5}},"line":222},"121":{"name":"(anonymous_121)","decl":{"start":{"line":223,"column":22},"end":{"line":223,"column":23}},"loc":{"start":{"line":223,"column":27},"end":{"line":223,"column":40}},"line":223},"122":{"name":"(anonymous_122)","decl":{"start":{"line":223,"column":27},"end":{"line":223,"column":28}},"loc":{"start":{"line":223,"column":33},"end":{"line":223,"column":40}},"line":223},"123":{"name":"(anonymous_123)","decl":{"start":{"line":226,"column":25},"end":{"line":226,"column":26}},"loc":{"start":{"line":226,"column":31},"end":{"line":241,"column":1}},"line":226},"124":{"name":"(anonymous_124)","decl":{"start":{"line":227,"column":36},"end":{"line":227,"column":37}},"loc":{"start":{"line":227,"column":42},"end":{"line":230,"column":5}},"line":227},"125":{"name":"(anonymous_125)","decl":{"start":{"line":228,"column":65},"end":{"line":228,"column":66}},"loc":{"start":{"line":228,"column":71},"end":{"line":228,"column":112}},"line":228},"126":{"name":"(anonymous_126)","decl":{"start":{"line":228,"column":114},"end":{"line":228,"column":115}},"loc":{"start":{"line":228,"column":124},"end":{"line":228,"column":135}},"line":228},"127":{"name":"(anonymous_127)","decl":{"start":{"line":231,"column":35},"end":{"line":231,"column":36}},"loc":{"start":{"line":231,"column":41},"end":{"line":235,"column":5}},"line":231},"128":{"name":"(anonymous_128)","decl":{"start":{"line":233,"column":19},"end":{"line":233,"column":20}},"loc":{"start":{"line":233,"column":26},"end":{"line":233,"column":103}},"line":233},"129":{"name":"(anonymous_129)","decl":{"start":{"line":233,"column":54},"end":{"line":233,"column":55}},"loc":{"start":{"line":233,"column":60},"end":{"line":233,"column":65}},"line":233},"130":{"name":"(anonymous_130)","decl":{"start":{"line":233,"column":67},"end":{"line":233,"column":68}},"loc":{"start":{"line":233,"column":73},"end":{"line":233,"column":78}},"line":233},"131":{"name":"(anonymous_131)","decl":{"start":{"line":233,"column":80},"end":{"line":233,"column":81}},"loc":{"start":{"line":233,"column":86},"end":{"line":233,"column":102}},"line":233},"132":{"name":"(anonymous_132)","decl":{"start":{"line":233,"column":105},"end":{"line":233,"column":106}},"loc":{"start":{"line":233,"column":115},"end":{"line":233,"column":126}},"line":233},"133":{"name":"(anonymous_133)","decl":{"start":{"line":236,"column":35},"end":{"line":236,"column":36}},"loc":{"start":{"line":236,"column":41},"end":{"line":240,"column":5}},"line":236},"134":{"name":"(anonymous_134)","decl":{"start":{"line":237,"column":48},"end":{"line":237,"column":49}},"loc":{"start":{"line":237,"column":54},"end":{"line":237,"column":59}},"line":237},"135":{"name":"(anonymous_135)","decl":{"start":{"line":237,"column":61},"end":{"line":237,"column":62}},"loc":{"start":{"line":237,"column":67},"end":{"line":237,"column":72}},"line":237},"136":{"name":"(anonymous_136)","decl":{"start":{"line":237,"column":74},"end":{"line":237,"column":75}},"loc":{"start":{"line":237,"column":80},"end":{"line":237,"column":102}},"line":237},"137":{"name":"(anonymous_137)","decl":{"start":{"line":238,"column":19},"end":{"line":238,"column":20}},"loc":{"start":{"line":238,"column":25},"end":{"line":238,"column":66}},"line":238},"138":{"name":"(anonymous_138)","decl":{"start":{"line":238,"column":68},"end":{"line":238,"column":69}},"loc":{"start":{"line":238,"column":78},"end":{"line":238,"column":89}},"line":238},"139":{"name":"(anonymous_139)","decl":{"start":{"line":242,"column":27},"end":{"line":242,"column":28}},"loc":{"start":{"line":242,"column":33},"end":{"line":257,"column":1}},"line":242},"140":{"name":"(anonymous_140)","decl":{"start":{"line":243,"column":19},"end":{"line":243,"column":20}},"loc":{"start":{"line":243,"column":25},"end":{"line":246,"column":5}},"line":243},"141":{"name":"(anonymous_141)","decl":{"start":{"line":247,"column":20},"end":{"line":247,"column":21}},"loc":{"start":{"line":247,"column":26},"end":{"line":251,"column":5}},"line":247},"142":{"name":"(anonymous_142)","decl":{"start":{"line":252,"column":14},"end":{"line":252,"column":15}},"loc":{"start":{"line":252,"column":20},"end":{"line":256,"column":5}},"line":252},"143":{"name":"(anonymous_143)","decl":{"start":{"line":258,"column":25},"end":{"line":258,"column":26}},"loc":{"start":{"line":258,"column":31},"end":{"line":267,"column":1}},"line":258},"144":{"name":"(anonymous_144)","decl":{"start":{"line":259,"column":23},"end":{"line":259,"column":24}},"loc":{"start":{"line":259,"column":29},"end":{"line":262,"column":5}},"line":259},"145":{"name":"(anonymous_145)","decl":{"start":{"line":260,"column":42},"end":{"line":260,"column":43}},"loc":{"start":{"line":260,"column":47},"end":{"line":260,"column":113}},"line":260},"146":{"name":"(anonymous_146)","decl":{"start":{"line":260,"column":75},"end":{"line":260,"column":76}},"loc":{"start":{"line":260,"column":81},"end":{"line":260,"column":86}},"line":260},"147":{"name":"(anonymous_147)","decl":{"start":{"line":260,"column":88},"end":{"line":260,"column":89}},"loc":{"start":{"line":260,"column":94},"end":{"line":260,"column":99}},"line":260},"148":{"name":"(anonymous_148)","decl":{"start":{"line":260,"column":101},"end":{"line":260,"column":102}},"loc":{"start":{"line":260,"column":107},"end":{"line":260,"column":112}},"line":260},"149":{"name":"(anonymous_149)","decl":{"start":{"line":263,"column":23},"end":{"line":263,"column":24}},"loc":{"start":{"line":263,"column":29},"end":{"line":266,"column":5}},"line":263},"150":{"name":"(anonymous_150)","decl":{"start":{"line":264,"column":42},"end":{"line":264,"column":43}},"loc":{"start":{"line":264,"column":47},"end":{"line":264,"column":113}},"line":264},"151":{"name":"(anonymous_151)","decl":{"start":{"line":264,"column":75},"end":{"line":264,"column":76}},"loc":{"start":{"line":264,"column":81},"end":{"line":264,"column":86}},"line":264},"152":{"name":"(anonymous_152)","decl":{"start":{"line":264,"column":88},"end":{"line":264,"column":89}},"loc":{"start":{"line":264,"column":94},"end":{"line":264,"column":99}},"line":264},"153":{"name":"(anonymous_153)","decl":{"start":{"line":264,"column":101},"end":{"line":264,"column":102}},"loc":{"start":{"line":264,"column":107},"end":{"line":264,"column":112}},"line":264},"154":{"name":"(anonymous_154)","decl":{"start":{"line":268,"column":26},"end":{"line":268,"column":27}},"loc":{"start":{"line":268,"column":32},"end":{"line":279,"column":1}},"line":268},"155":{"name":"(anonymous_155)","decl":{"start":{"line":269,"column":15},"end":{"line":269,"column":16}},"loc":{"start":{"line":269,"column":21},"end":{"line":273,"column":5}},"line":269},"156":{"name":"(anonymous_156)","decl":{"start":{"line":270,"column":61},"end":{"line":270,"column":62}},"loc":{"start":{"line":270,"column":68},"end":{"line":270,"column":102}},"line":270},"157":{"name":"(anonymous_157)","decl":{"start":{"line":270,"column":104},"end":{"line":270,"column":105}},"loc":{"start":{"line":270,"column":109},"end":{"line":270,"column":152}},"line":270},"158":{"name":"(anonymous_158)","decl":{"start":{"line":274,"column":16},"end":{"line":274,"column":17}},"loc":{"start":{"line":274,"column":22},"end":{"line":278,"column":5}},"line":274},"159":{"name":"(anonymous_159)","decl":{"start":{"line":275,"column":78},"end":{"line":275,"column":79}},"loc":{"start":{"line":275,"column":85},"end":{"line":275,"column":119}},"line":275},"160":{"name":"(anonymous_160)","decl":{"start":{"line":275,"column":121},"end":{"line":275,"column":122}},"loc":{"start":{"line":275,"column":126},"end":{"line":275,"column":162}},"line":275},"161":{"name":"(anonymous_161)","decl":{"start":{"line":280,"column":31},"end":{"line":280,"column":32}},"loc":{"start":{"line":280,"column":37},"end":{"line":336,"column":1}},"line":280},"162":{"name":"(anonymous_162)","decl":{"start":{"line":281,"column":49},"end":{"line":281,"column":50}},"loc":{"start":{"line":281,"column":55},"end":{"line":281,"column":60}},"line":281},"163":{"name":"(anonymous_163)","decl":{"start":{"line":281,"column":62},"end":{"line":281,"column":63}},"loc":{"start":{"line":281,"column":68},"end":{"line":281,"column":80}},"line":281},"164":{"name":"(anonymous_164)","decl":{"start":{"line":281,"column":82},"end":{"line":281,"column":83}},"loc":{"start":{"line":281,"column":88},"end":{"line":281,"column":90}},"line":281},"165":{"name":"(anonymous_165)","decl":{"start":{"line":282,"column":50},"end":{"line":282,"column":51}},"loc":{"start":{"line":282,"column":56},"end":{"line":282,"column":60}},"line":282},"166":{"name":"(anonymous_166)","decl":{"start":{"line":282,"column":62},"end":{"line":282,"column":63}},"loc":{"start":{"line":282,"column":68},"end":{"line":282,"column":79}},"line":282},"167":{"name":"(anonymous_167)","decl":{"start":{"line":282,"column":81},"end":{"line":282,"column":82}},"loc":{"start":{"line":282,"column":87},"end":{"line":282,"column":89}},"line":282},"168":{"name":"(anonymous_168)","decl":{"start":{"line":283,"column":49},"end":{"line":283,"column":50}},"loc":{"start":{"line":283,"column":55},"end":{"line":283,"column":60}},"line":283},"169":{"name":"(anonymous_169)","decl":{"start":{"line":283,"column":62},"end":{"line":283,"column":63}},"loc":{"start":{"line":283,"column":68},"end":{"line":283,"column":80}},"line":283},"170":{"name":"(anonymous_170)","decl":{"start":{"line":283,"column":82},"end":{"line":283,"column":83}},"loc":{"start":{"line":283,"column":88},"end":{"line":283,"column":111}},"line":283},"171":{"name":"(anonymous_171)","decl":{"start":{"line":284,"column":50},"end":{"line":284,"column":51}},"loc":{"start":{"line":284,"column":56},"end":{"line":284,"column":60}},"line":284},"172":{"name":"(anonymous_172)","decl":{"start":{"line":284,"column":62},"end":{"line":284,"column":63}},"loc":{"start":{"line":284,"column":68},"end":{"line":284,"column":79}},"line":284},"173":{"name":"(anonymous_173)","decl":{"start":{"line":284,"column":81},"end":{"line":284,"column":82}},"loc":{"start":{"line":284,"column":87},"end":{"line":284,"column":109}},"line":284},"174":{"name":"(anonymous_174)","decl":{"start":{"line":285,"column":28},"end":{"line":285,"column":29}},"loc":{"start":{"line":285,"column":34},"end":{"line":290,"column":5}},"line":285},"175":{"name":"(anonymous_175)","decl":{"start":{"line":287,"column":33},"end":{"line":287,"column":34}},"loc":{"start":{"line":287,"column":38},"end":{"line":287,"column":54}},"line":287},"176":{"name":"(anonymous_176)","decl":{"start":{"line":291,"column":30},"end":{"line":291,"column":31}},"loc":{"start":{"line":291,"column":36},"end":{"line":293,"column":5}},"line":291},"177":{"name":"(anonymous_177)","decl":{"start":{"line":294,"column":29},"end":{"line":294,"column":30}},"loc":{"start":{"line":294,"column":35},"end":{"line":296,"column":5}},"line":294},"178":{"name":"(anonymous_178)","decl":{"start":{"line":297,"column":29},"end":{"line":297,"column":30}},"loc":{"start":{"line":297,"column":35},"end":{"line":299,"column":5}},"line":297},"179":{"name":"(anonymous_179)","decl":{"start":{"line":300,"column":30},"end":{"line":300,"column":31}},"loc":{"start":{"line":300,"column":36},"end":{"line":302,"column":5}},"line":300},"180":{"name":"(anonymous_180)","decl":{"start":{"line":303,"column":31},"end":{"line":303,"column":32}},"loc":{"start":{"line":303,"column":37},"end":{"line":305,"column":5}},"line":303},"181":{"name":"(anonymous_181)","decl":{"start":{"line":306,"column":26},"end":{"line":306,"column":27}},"loc":{"start":{"line":306,"column":32},"end":{"line":308,"column":5}},"line":306},"182":{"name":"(anonymous_182)","decl":{"start":{"line":309,"column":26},"end":{"line":309,"column":27}},"loc":{"start":{"line":309,"column":32},"end":{"line":311,"column":5}},"line":309},"183":{"name":"(anonymous_183)","decl":{"start":{"line":310,"column":29},"end":{"line":310,"column":30}},"loc":{"start":{"line":310,"column":34},"end":{"line":310,"column":43}},"line":310},"184":{"name":"(anonymous_184)","decl":{"start":{"line":312,"column":28},"end":{"line":312,"column":29}},"loc":{"start":{"line":312,"column":34},"end":{"line":314,"column":5}},"line":312},"185":{"name":"(anonymous_185)","decl":{"start":{"line":315,"column":29},"end":{"line":315,"column":30}},"loc":{"start":{"line":315,"column":35},"end":{"line":317,"column":5}},"line":315},"186":{"name":"(anonymous_186)","decl":{"start":{"line":318,"column":30},"end":{"line":318,"column":31}},"loc":{"start":{"line":318,"column":36},"end":{"line":320,"column":5}},"line":318},"187":{"name":"(anonymous_187)","decl":{"start":{"line":321,"column":25},"end":{"line":321,"column":26}},"loc":{"start":{"line":321,"column":31},"end":{"line":323,"column":5}},"line":321},"188":{"name":"(anonymous_188)","decl":{"start":{"line":322,"column":15},"end":{"line":322,"column":16}},"loc":{"start":{"line":322,"column":21},"end":{"line":322,"column":35}},"line":322},"189":{"name":"(anonymous_189)","decl":{"start":{"line":324,"column":29},"end":{"line":324,"column":30}},"loc":{"start":{"line":324,"column":35},"end":{"line":326,"column":5}},"line":324},"190":{"name":"(anonymous_190)","decl":{"start":{"line":327,"column":30},"end":{"line":327,"column":31}},"loc":{"start":{"line":327,"column":36},"end":{"line":329,"column":5}},"line":327},"191":{"name":"(anonymous_191)","decl":{"start":{"line":330,"column":31},"end":{"line":330,"column":32}},"loc":{"start":{"line":330,"column":37},"end":{"line":332,"column":5}},"line":330},"192":{"name":"(anonymous_192)","decl":{"start":{"line":333,"column":26},"end":{"line":333,"column":27}},"loc":{"start":{"line":333,"column":32},"end":{"line":335,"column":5}},"line":333}},"branchMap":{},"s":{"0":1,"1":1,"2":5,"3":1,"4":2,"5":2,"6":2,"7":2,"8":2,"9":2,"10":0,"11":2,"12":2,"13":1,"14":1,"15":1,"16":0,"17":1,"18":1,"19":0,"20":1,"21":1,"22":0,"23":0,"24":1,"25":1,"26":1,"27":1,"28":1,"29":1,"30":1,"31":1,"32":1,"33":0,"34":1,"35":1,"36":1,"37":1,"38":1,"39":1,"40":1,"41":0,"42":0,"43":1,"44":1,"45":1,"46":1,"47":1,"48":0,"49":1,"50":0,"51":0,"52":1,"53":1,"54":1,"55":1,"56":1,"57":1,"58":1,"59":0,"60":1,"61":1,"62":0,"63":1,"64":1,"65":1,"66":1,"67":0,"68":1,"69":1,"70":1,"71":0,"72":1,"73":1,"74":0,"75":1,"76":1,"77":1,"78":0,"79":1,"80":1,"81":1,"82":0,"83":1,"84":0,"85":1,"86":1,"87":1,"88":1,"89":0,"90":1,"91":1,"92":1,"93":1,"94":1,"95":0,"96":1,"97":1,"98":1,"99":1,"100":1,"101":1,"102":1,"103":1,"104":0,"105":1,"106":1,"107":1,"108":1,"109":1,"110":0,"111":1,"112":1,"113":1,"114":1,"115":1,"116":1,"117":1,"118":1,"119":1,"120":1,"121":1,"122":0,"123":1,"124":1,"125":0,"126":1,"127":1,"128":0,"129":1,"130":1,"131":0,"132":1,"133":1,"134":1,"135":1,"136":0,"137":1,"138":1,"139":1,"140":1,"141":1,"142":1,"143":0,"144":1,"145":1,"146":0,"147":1,"148":1,"149":0,"150":0,"151":1,"152":1,"153":1,"154":1,"155":1,"156":1,"157":1,"158":1,"159":0,"160":1,"161":1,"162":1,"163":1,"164":1,"165":1,"166":1,"167":1,"168":1,"169":1,"170":0,"171":1,"172":1,"173":1,"174":1,"175":1,"176":1,"177":1,"178":1,"179":1,"180":1,"181":0,"182":1,"183":0,"184":1,"185":1,"186":1,"187":1,"188":0,"189":1,"190":1,"191":0,"192":1,"193":1,"194":0,"195":1,"196":1,"197":0,"198":1,"199":1,"200":0,"201":1,"202":1,"203":0,"204":0,"205":1,"206":1,"207":1,"208":1,"209":1,"210":1,"211":1,"212":1,"213":1,"214":1,"215":1,"216":0,"217":0,"218":1,"219":1,"220":1,"221":1,"222":1,"223":0,"224":0,"225":0,"226":1,"227":1,"228":1,"229":1,"230":1,"231":1,"232":1,"233":1,"234":0,"235":1,"236":1,"237":1,"238":0,"239":1,"240":1,"241":1,"242":6,"243":6,"244":1,"245":5,"246":1,"247":1,"248":1,"249":0,"250":0,"251":0,"252":0,"253":1,"254":1,"255":1,"256":1,"257":1,"258":0,"259":1,"260":0,"261":1,"262":1,"263":0,"264":1,"265":1,"266":0,"267":1,"268":1,"269":1,"270":1,"271":0,"272":1,"273":1,"274":0,"275":1,"276":1,"277":1,"278":1,"279":0,"280":1,"281":1,"282":0,"283":1,"284":1,"285":1,"286":0,"287":0,"288":0,"289":0,"290":1,"291":1,"292":1,"293":1,"294":1,"295":1,"296":1,"297":1,"298":1,"299":1,"300":1,"301":1,"302":1,"303":1,"304":0,"305":1,"306":1,"307":1,"308":1,"309":1,"310":1,"311":1,"312":1,"313":0,"314":1,"315":1,"316":1,"317":1,"318":1,"319":1,"320":1,"321":1},"f":{"0":5,"1":1,"2":2,"3":2,"4":0,"5":2,"6":2,"7":1,"8":1,"9":0,"10":1,"11":0,"12":1,"13":0,"14":0,"15":1,"16":1,"17":1,"18":1,"19":1,"20":1,"21":1,"22":1,"23":1,"24":1,"25":1,"26":1,"27":0,"28":0,"29":1,"30":1,"31":1,"32":0,"33":0,"34":0,"35":1,"36":1,"37":1,"38":0,"39":1,"40":0,"41":1,"42":1,"43":1,"44":0,"45":1,"46":1,"47":0,"48":1,"49":0,"50":1,"51":1,"52":0,"53":1,"54":1,"55":0,"56":1,"57":1,"58":1,"59":1,"60":0,"61":1,"62":1,"63":1,"64":1,"65":0,"66":1,"67":1,"68":0,"69":1,"70":1,"71":1,"72":1,"73":1,"74":0,"75":1,"76":0,"77":1,"78":0,"79":1,"80":0,"81":1,"82":1,"83":0,"84":1,"85":1,"86":1,"87":0,"88":1,"89":0,"90":1,"91":0,"92":0,"93":1,"94":1,"95":1,"96":1,"97":0,"98":1,"99":1,"100":1,"101":1,"102":1,"103":1,"104":1,"105":1,"106":1,"107":1,"108":0,"109":1,"110":1,"111":0,"112":1,"113":0,"114":1,"115":0,"116":1,"117":0,"118":1,"119":0,"120":1,"121":0,"122":0,"123":1,"124":1,"125":1,"126":1,"127":1,"128":1,"129":1,"130":1,"131":0,"132":0,"133":1,"134":1,"135":1,"136":0,"137":0,"138":0,"139":1,"140":1,"141":1,"142":1,"143":1,"144":1,"145":6,"146":6,"147":1,"148":5,"149":1,"150":0,"151":0,"152":0,"153":0,"154":1,"155":1,"156":1,"157":0,"158":1,"159":0,"160":1,"161":1,"162":1,"163":1,"164":0,"165":1,"166":0,"167":1,"168":1,"169":1,"170":0,"171":1,"172":0,"173":1,"174":1,"175":0,"176":1,"177":1,"178":1,"179":1,"180":1,"181":1,"182":1,"183":0,"184":1,"185":1,"186":1,"187":1,"188":0,"189":1,"190":1,"191":1,"192":1},"b":{},"inputSourceMap":{"version":3,"file":"/Users/mmiklas/Development/TypeScript/functional-ts/src/either.spec.ts","sources":["/Users/mmiklas/Development/TypeScript/functional-ts/src/either.spec.ts"],"names":[],"mappings":";;AAAA,qCAAgC;AAEhC,MAAM,UAAU;IAAhB;QAWQ,aAAQ,GAAG,GAAW,EAAE;YAC9B,OAAO,mBAAmB,IAAI,CAAC,EAAE,SAAS,IAAI,CAAC,EAAE,GAAG,CAAC;QACtD,CAAC,CAAC;IACH,CAAC;IAVA,MAAM,CAAC,MAAM,CAAC,EAAU,EAAE,EAAU;QACnC,MAAM,EAAE,GAAG,IAAI,UAAU,EAAE,CAAC;QAC5B,EAAE,CAAC,EAAE,GAAG,EAAE,CAAC;QACX,EAAE,CAAC,EAAE,GAAG,EAAE,CAAC;QACX,OAAO,EAAE,CAAC;IACX,CAAC;CAKD;AAED,MAAM,SAAS;IACd,YAAmB,EAAU;QAAV,OAAE,GAAF,EAAE,CAAQ;QAGtB,aAAQ,GAAG,GAAW,EAAE;YAC9B,OAAO,kBAAkB,IAAI,CAAC,EAAE,GAAG,CAAC;QACrC,CAAC,CAAC;IAJF,CAAC;CAKD;AAED,SAAS,eAAe;IACvB,OAAO,IAAI,CAAC;AACb,CAAC;AAED,SAAS,eAAe;IACvB,OAAO,IAAI,CAAC;AACb,CAAC;AAED,QAAQ,CAAC,eAAe,EAAE,GAAG,EAAE;IAC9B,EAAE,CAAC,aAAa,EAAE,GAAG,EAAE;QACtB,MAAM,CAAC,eAAM,CAAC,MAAM,CAAC,IAAI,CAAC,CAAC,MAAM,CAAC,CAAC,CAAC,EAAE,CAAC,eAAM,CAAC,MAAM,CAAC,KAAK,CAAC,CAAC,CAAC,MAAM,EAAE,CAAC,CAAC,UAAU,EAAE,CAAC;IACrF,CAAC,CAAC,CAAC;IAEH,EAAE,CAAC,gBAAgB,EAAE,GAAG,EAAE;QACzB,MAAM,CAAC,eAAM,CAAC,OAAO,CAAC,IAAI,CAAC,CAAC,MAAM,CAAC,CAAC,CAAC,EAAE,CAAC,eAAM,CAAC,OAAO,CAAC,KAAK,CAAC,CAAC,CAAC,GAAG,EAAE,CAAC,CAAC,OAAO,CAAC,IAAI,CAAC,CAAC;IACrF,CAAC,CAAC,CAAC;IAEH,EAAE,CAAC,gBAAgB,EAAE,GAAG,EAAE;QACzB,MAAM,CAAC,GAAG,EAAE,CAAC,eAAM,CAAC,OAAO,CAAC,IAAI,CAAC,CAAC,MAAM,CAAC,CAAC,CAAC,EAAE,CAAC,eAAM,CAAC,MAAM,CAAC,KAAK,CAAC,CAAC,CAAC,MAAM,EAAE,CAAC,CAAC,UAAU,EAAE,CAAC;IAC5F,CAAC,CAAC,CAAC;AACJ,CAAC,CAAC,CAAC;AAEH,QAAQ,CAAC,eAAe,EAAE,GAAG,EAAE;IAC9B,EAAE,CAAC,+BAA+B,EAAE,GAAG,EAAE;QACxC,MAAM,GAAG,GAAG,eAAM,CAAC,OAAO,CAAC,EAAC,EAAE,EAAE,KAAK,EAAC,CAAC;aACrC,KAAK,CAAC,GAAG,EAAE,CAAC,eAAM,CAAC,OAAO,CAAC,IAAI,UAAU,EAAE,CAAC,EAAE,CAAC,CAAC,EAAE,CAAC,EAAE,EAAE;YACvD,CAAC,CAAC,EAAE,GAAG,CAAC,CAAC,EAAE,CAAC;QACb,CAAC,CAAC;aACD,MAAM,CAAC,CAAC,CAAC,EAAE,CAAC,eAAM,CAAC,OAAO,CAAC,CAAC,CAAC,EAAE,GAAG,MAAM,CAAC,EAAE,CAAC,CAAC,EAAE,CAAC,EAAE,EAAE,CAAC,CAAC,CAAC,EAAE,GAAG,CAAC,CAAC,CAAC;QAEjE,MAAM,MAAM,GAAG,GAAG,CAAC,GAAG,EAAE,CAAC;QACzB,MAAM,CAAC,MAAM,CAAC,EAAE,CAAC,CAAC,OAAO,CAAC,KAAK,CAAC,CAAC;QACjC,MAAM,CAAC,MAAM,CAAC,EAAE,CAAC,CAAC,OAAO,CAAC,SAAS,CAAC,CAAC;IACtC,CAAC,CAAC,CAAC;IAEH,EAAE,CAAC,8BAA8B,EAAE,GAAG,EAAE;QACvC,MAAM,GAAG,GAAG,eAAM,CAAC,OAAO,CAAC,EAAC,EAAE,EAAE,KAAK,EAAC,CAAC;aACrC,KAAK,CAAC,GAAG,EAAE,CAAC,eAAM,CAAC,OAAO,CAAC,IAAI,UAAU,EAAE,CAAC,EAAE,CAAC,CAAC,EAAE,CAAC,EAAE,EAAE;YACvD,CAAC,CAAC,EAAE,GAAG,CAAC,CAAC,EAAE,CAAC;QACb,CAAC,CAAC;aACD,MAAM,CAAC,CAAC,CAAC,EAAE,CAAC,eAAM,CAAC,WAAW,CAAC,GAAG,EAAE,CAAC,KAAK,EAAE,GAAG,EAAE,CAAC,OAAO,EAAE,GAAG,EAAE,CAAC,CAAC,CAAC,EAAE,GAAG,MAAM,CAAC,EAAE,CAAC,CAAC,EAAE,CAAC,EAAE,EAAE,CAAC,CAAC,CAAC,EAAE,GAAG,CAAC,CAAC,CAAC;QAEvG,MAAM,CAAC,GAAG,CAAC,MAAM,EAAE,CAAC,CAAC,UAAU,EAAE,CAAC;IACnC,CAAC,CAAC,CAAC;IAEH,EAAE,CAAC,8BAA8B,EAAE,GAAG,EAAE;QACvC,MAAM,EAAE,GAAG,eAAM,CAAC,WAAW,CAAC,GAAG,EAAE,CAAC,KAAK,EAAE,GAAG,EAAE,CAAC,OAAO,EAAE,GAAG,EAAE,CAAC,IAAI,UAAU,EAAE,CAAC,CAAC;QAClF,MAAM,GAAG,GAAG,EAAE,CAAC,MAAM,CAAC,CAAC,CAAC,EAAE,CAAC,eAAM,CAAC,OAAO,CAAC,CAAC,CAAC,EAAE,GAAG,MAAM,CAAC,EAAE,CAAC,CAAC,EAAE,CAAC,EAAE,EAAE,CAAC,CAAC,CAAC,EAAE,GAAG,CAAC,CAAC,CAAC;QAC9E,MAAM,CAAC,GAAG,CAAC,MAAM,EAAE,CAAC,CAAC,UAAU,EAAE,CAAC;IACnC,CAAC,CAAC,CAAC;AACJ,CAAC,CAAC,CAAC;AAEH,QAAQ,CAAC,aAAa,EAAE,GAAG,EAAE;IAC5B,MAAM,GAAG,GAAG,eAAM,CAAC,UAAU,CAAC,IAAI,EAAE,GAAG,EAAE,CAAC,YAAY,CAAC,CAAC;IACxD,MAAM,EAAE,GAAG,eAAM,CAAC,OAAO,CAAC,GAAG,CAAC,CAAC;IAE/B,EAAE,CAAC,WAAW,EAAE,GAAG,EAAE;QACpB,MAAM,CAAC,GAAG,CAAC,IAAI,CAAC,CAAC,CAAC,EAAE,EAAE;YACrB,MAAM,CAAC,CAAC,CAAC,CAAC,QAAQ,EAAE,CAAC;QACtB,CAAC,CAAC,CAAC,MAAM,EAAE,CAAC,CAAC,UAAU,EAAE,CAAC;IAC3B,CAAC,CAAC,CAAC;IAEH,EAAE,CAAC,YAAY,EAAE,GAAG,EAAE;QACrB,MAAM,CAAC,EAAE,CAAC,IAAI,CAAC,CAAC,CAAC,EAAE,EAAE;YACpB,MAAM,CAAC,CAAC,CAAC,CAAC,OAAO,CAAC,GAAG,CAAC,CAAC;QACxB,CAAC,CAAC,CAAC,GAAG,EAAE,CAAC,CAAC,OAAO,CAAC,GAAG,CAAC,CAAC;IACxB,CAAC,CAAC,CAAC;AAEJ,CAAC,CAAC,CAAC;AAEH,QAAQ,CAAC,gBAAgB,EAAE,GAAG,EAAE;IAC/B,MAAM,MAAM,GAAG,eAAM,CAAC,WAAW,CAAC,GAAG,EAAE,CAAC,KAAK,EAAE,GAAG,EAAE,CAAC,cAAc,EAAE,GAAG,EAAE,CAAC,EAAE,CAAC,CAAC;IAC/E,MAAM,MAAM,GAAG,eAAM,CAAC,WAAW,CAAC,GAAG,EAAE,CAAC,KAAK,EAAE,GAAG,EAAE,CAAC,cAAc,EAAE,GAAG,EAAE,CAAC,EAAE,CAAC,CAAC;IAC/E,MAAM,OAAO,GAAG,eAAM,CAAC,WAAW,CAAC,GAAG,EAAE,CAAC,IAAI,EAAE,GAAG,EAAE,CAAC,WAAW,EAAE,GAAG,EAAE,CAAC,EAAE,CAAC,CAAC;IAC5E,MAAM,OAAO,GAAG,eAAM,CAAC,WAAW,CAAC,GAAG,EAAE,CAAC,IAAI,EAAE,GAAG,EAAE,CAAC,WAAW,EAAE,GAAG,EAAE,CAAC,EAAE,CAAC,CAAC;IAE5E,EAAE,CAAC,OAAO,EAAE,GAAG,EAAE;QAChB,MAAM,GAAG,GAAG,eAAM,CAAC,OAAO,CAAC,CAAC,MAAM,EAAE,MAAM,EAAE,OAAO,EAAE,OAAO,CAAC,EAAE,GAAG,EAAE,CAAC,GAAG,CAAC,CAAC;QAC1E,MAAM,CAAC,GAAG,CAAC,MAAM,EAAE,CAAC,CAAC,UAAU,EAAE,CAAC;QAClC,MAAM,CAAC,GAAG,CAAC,OAAO,EAAE,CAAC,CAAC,OAAO,CAAC,2BAA2B,CAAC,CAAC;IAC5D,CAAC,CAAC,CAAC;IAEH,EAAE,CAAC,QAAQ,EAAE,GAAG,EAAE;QACjB,MAAM,GAAG,GAAG,eAAM,CAAC,OAAO,CAAC,CAAC,OAAO,EAAE,OAAO,CAAC,EAAE,GAAG,EAAE,CAAC,GAAG,CAAC,CAAC;QAC1D,MAAM,CAAC,GAAG,CAAC,OAAO,EAAE,CAAC,CAAC,UAAU,EAAE,CAAC;QACnC,MAAM,CAAC,GAAG,CAAC,GAAG,EAAE,CAAC,CAAC,OAAO,CAAC,GAAG,CAAC,CAAC;IAChC,CAAC,CAAC,CAAC;AACJ,CAAC,CAAC,CAAC;AAEH,QAAQ,CAAC,iBAAiB,EAAE,GAAG,EAAE;IAChC,MAAM,GAAG,GAAG,eAAM,CAAC,UAAU,CAAC,IAAI,EAAE,GAAG,EAAE,CAAC,YAAY,CAAC,CAAC;IACxD,MAAM,EAAE,GAAG,eAAM,CAAC,OAAO,CAAC,GAAG,CAAC,CAAC;IAC/B,MAAM,EAAE,GAAG,eAAM,CAAC,UAAU,CAAC,GAAG,EAAE,GAAG,EAAE,CAAC,UAAU,CAAC,CAAC;IAEpD,EAAE,CAAC,WAAW,EAAE,GAAG,EAAE;QACpB,MAAM,CAAC,GAAG,CAAC,QAAQ,EAAE,CAAC,CAAC,IAAI,CAAC,kBAAkB,CAAC,CAAC;IACjD,CAAC,CAAC,CAAC;IAEH,EAAE,CAAC,qBAAqB,EAAE,GAAG,EAAE;QAC9B,MAAM,CAAC,EAAE,CAAC,QAAQ,EAAE,CAAC,CAAC,IAAI,CAAC,YAAY,CAAC,CAAC;IAC1C,CAAC,CAAC,CAAC;IAEH,EAAE,CAAC,YAAY,EAAE,GAAG,EAAE;QACrB,MAAM,CAAC,EAAE,CAAC,QAAQ,EAAE,CAAC,CAAC,IAAI,CAAC,YAAY,CAAC,CAAC;IAC1C,CAAC,CAAC,CAAC;IAEH,EAAE,CAAC,oBAAoB,EAAE,GAAG,EAAE;QAC7B,MAAM,CAAC,EAAE,CAAC,GAAG,CAAC,CAAC,CAAC,EAAE,CAAC,CAAC,GAAG,CAAC,CAAC,CAAC,QAAQ,EAAE,CAAC,CAAC,IAAI,CAAC,YAAY,CAAC,CAAC;IAC1D,CAAC,CAAC,CAAC;AACJ,CAAC,CAAC,CAAC;AAEH,QAAQ,CAAC,eAAe,EAAE,GAAG,EAAE;IAC9B,MAAM,GAAG,GAAG,eAAM,CAAC,UAAU,CAAC,eAAe,EAAE,EAAE,GAAG,EAAE,CAAC,YAAY,CAAC,CAAC;IACrE,MAAM,EAAE,GAAG,eAAM,CAAC,OAAO,CAAC,GAAG,CAAC,CAAC;IAC/B,MAAM,EAAE,GAAG,eAAM,CAAC,UAAU,CAAC,GAAG,EAAE,GAAG,EAAE,CAAC,UAAU,CAAC,CAAC;IAEpD,EAAE,CAAC,WAAW,EAAE,GAAG,EAAE;QACpB,MAAM,CAAC,GAAG,CAAC,MAAM,CAAC,UAAU,CAAC,CAAC,CAAC,IAAI,CAAC,UAAU,CAAC,CAAC;IACjD,CAAC,CAAC,CAAC;IAEH,EAAE,CAAC,qBAAqB,EAAE,GAAG,EAAE;QAC9B,MAAM,CAAC,EAAE,CAAC,MAAM,CAAC,EAAE,CAAC,CAAC,CAAC,IAAI,CAAC,GAAG,CAAC,CAAC;IACjC,CAAC,CAAC,CAAC;IAEH,EAAE,CAAC,YAAY,EAAE,GAAG,EAAE;QACrB,MAAM,CAAC,EAAE,CAAC,MAAM,CAAC,EAAE,CAAC,CAAC,CAAC,IAAI,CAAC,GAAG,CAAC,CAAC;IACjC,CAAC,CAAC,CAAC;AACJ,CAAC,CAAC,CAAC;AAEH,QAAQ,CAAC,kBAAkB,EAAE,GAAG,EAAE;IACjC,MAAM,GAAG,GAAG,eAAM,CAAC,UAAU,CAAC,eAAe,EAAE,EAAE,GAAG,EAAE,CAAC,YAAY,CAAC,CAAC;IACrE,MAAM,EAAE,GAAG,eAAM,CAAC,OAAO,CAAC,GAAG,CAAC,CAAC;IAC/B,MAAM,EAAE,GAAG,eAAM,CAAC,UAAU,CAAC,GAAG,EAAE,GAAG,EAAE,CAAC,UAAU,CAAC,CAAC;IAEpD,EAAE,CAAC,WAAW,EAAE,GAAG,EAAE;QACpB,MAAM,CAAC,GAAG,CAAC,SAAS,CAAC,GAAG,EAAE,CAAC,UAAU,CAAC,CAAC,CAAC,IAAI,CAAC,UAAU,CAAC,CAAC;IAC1D,CAAC,CAAC,CAAC;IAEH,EAAE,CAAC,qBAAqB,EAAE,GAAG,EAAE;QAC9B,MAAM,CAAC,EAAE,CAAC,SAAS,CAAC,GAAG,EAAE,CAAC,EAAE,CAAC,CAAC,CAAC,IAAI,CAAC,GAAG,CAAC,CAAC;IAC1C,CAAC,CAAC,CAAC;IAEH,EAAE,CAAC,YAAY,EAAE,GAAG,EAAE;QACrB,MAAM,CAAC,EAAE,CAAC,SAAS,CAAC,GAAG,EAAE,CAAC,EAAE,CAAC,CAAC,CAAC,IAAI,CAAC,GAAG,CAAC,CAAC;IAC1C,CAAC,CAAC,CAAC;AACJ,CAAC,CAAC,CAAC;AAEH,QAAQ,CAAC,mBAAmB,EAAE,GAAG,EAAE;IAClC,MAAM,GAAG,GAAG,eAAM,CAAC,UAAU,CAAC,eAAe,EAAE,EAAE,GAAG,EAAE,CAAC,YAAY,CAAC,CAAC;IACrE,MAAM,EAAE,GAAG,eAAM,CAAC,UAAU,CAAC,GAAG,EAAE,GAAG,EAAE,CAAC,UAAU,CAAC,CAAC;IAEpD,EAAE,CAAC,oBAAoB,EAAE,GAAG,EAAE;QAC7B,MAAM,CAAC,GAAG,CAAC,MAAM,EAAE,CAAC,CAAC,UAAU,EAAE,CAAC;IACnC,CAAC,CAAC,CAAC;IAEH,EAAE,CAAC,qBAAqB,EAAE,GAAG,EAAE;QAC9B,MAAM,CAAC,GAAG,CAAC,OAAO,EAAE,CAAC,CAAC,SAAS,EAAE,CAAC;IACnC,CAAC,CAAC,CAAC;IAEH,EAAE,CAAC,iBAAiB,EAAE,GAAG,EAAE;QAC1B,MAAM,CAAC,GAAG,EAAE,CAAC,GAAG,CAAC,GAAG,EAAE,CAAC,CAAC,YAAY,CAAC,SAAS,CAAC,CAAC;IACjD,CAAC,CAAC,CAAC;IAEH,EAAE,CAAC,iBAAiB,EAAE,GAAG,EAAE;QAC1B,aAAa;QACb,MAAM,CAAC,GAAG,CAAC,GAAG,CAAC,CAAC,CAAC,EAAE,CAAC,CAAC,GAAG,CAAC,CAAC,CAAC,MAAM,CAAC,CAAC,UAAU,EAAE,CAAC;IACjD,CAAC,CAAC,CAAC;IAEH,EAAE,CAAC,uBAAuB,EAAE,GAAG,EAAE;QAChC,aAAa;QACb,MAAM,CAAC,GAAG,EAAE,CAAC,GAAG,CAAC,GAAG,CAAC,CAAC,CAAC,EAAE,CAAC,CAAC,GAAG,CAAC,CAAC,CAAC,GAAG,EAAE,CAAC,CAAC,YAAY,CAAC,SAAS,CAAC,CAAC;IACjE,CAAC,CAAC,CAAC;IAEH,EAAE,CAAC,sBAAsB,EAAE,GAAG,EAAE;QAC/B,MAAM,CAAC,EAAE,CAAC,MAAM,EAAE,CAAC,CAAC,SAAS,EAAE,CAAC;IACjC,CAAC,CAAC,CAAC;IAEH,EAAE,CAAC,uBAAuB,EAAE,GAAG,EAAE;QAChC,MAAM,CAAC,EAAE,CAAC,OAAO,EAAE,CAAC,CAAC,UAAU,EAAE,CAAC;IACnC,CAAC,CAAC,CAAC;IAEH,EAAE,CAAC,mBAAmB,EAAE,GAAG,EAAE;QAC5B,MAAM,CAAC,EAAE,CAAC,GAAG,EAAE,CAAC,CAAC,IAAI,CAAC,GAAG,CAAC,CAAC;IAC5B,CAAC,CAAC,CAAC;IAEH,EAAE,CAAC,mBAAmB,EAAE,GAAG,EAAE;QAC5B,MAAM,CAAC,EAAE,CAAC,GAAG,CAAC,CAAC,CAAC,EAAE,CAAC,CAAC,GAAG,CAAC,CAAC,CAAC,GAAG,EAAE,CAAC,CAAC,IAAI,CAAC,GAAG,CAAC,CAAC;IAC5C,CAAC,CAAC,CAAC;AACJ,CAAC,CAAC,CAAC;AAEH,QAAQ,CAAC,WAAW,EAAE,GAAG,EAAE;IAC1B,MAAM,GAAG,GAAG,eAAM,CAAC,OAAO,CAAC,KAAK,CAAC,CAAC;IAClC,EAAE,CAAC,QAAQ,EAAE,GAAG,EAAE;QACjB,MAAM,CAAC,GAAG,CAAC,MAAM,EAAE,CAAC,CAAC,SAAS,EAAE,CAAC;IAClC,CAAC,CAAC,CAAC;IAEH,EAAE,CAAC,SAAS,EAAE,GAAG,EAAE;QAClB,MAAM,CAAC,GAAG,CAAC,OAAO,EAAE,CAAC,CAAC,UAAU,EAAE,CAAC;IACpC,CAAC,CAAC,CAAC;IAEH,EAAE,CAAC,iBAAiB,EAAE,GAAG,EAAE;QAC1B,MAAM,EAAE,GAAG,eAAM,CAAC,OAAO,CAAC,EAAE,CAAC,CAAC,GAAG,CAAC,CAAC,CAAC,EAAE,CAAC,CAAC,GAAG,CAAC,CAAC,CAAC;QAC9C,MAAM,CAAC,EAAE,CAAC,OAAO,EAAE,CAAC,CAAC,UAAU,EAAE,CAAC;QAClC,MAAM,CAAC,EAAE,CAAC,GAAG,EAAE,CAAC,CAAC,IAAI,CAAC,EAAE,CAAC,CAAC;IAC3B,CAAC,CAAC,CAAC;AACJ,CAAC,CAAC,CAAC;AAEH,QAAQ,CAAC,eAAe,EAAE,GAAG,EAAE;IAC9B,MAAM,IAAI,GAAG,eAAM,CAAC,MAAM,CAAC,KAAK,CAAmB,CAAC;IAEpD,EAAE,CAAC,QAAQ,EAAE,GAAG,EAAE;QACjB,MAAM,CAAC,IAAI,CAAC,MAAM,EAAE,CAAC,CAAC,UAAU,EAAE,CAAC;IACpC,CAAC,CAAC,CAAC;IAEH,EAAE,CAAC,SAAS,EAAE,GAAG,EAAE;QAClB,MAAM,CAAC,IAAI,CAAC,OAAO,EAAE,CAAC,CAAC,SAAS,EAAE,CAAC;IACpC,CAAC,CAAC,CAAC;IAEH,EAAE,CAAC,SAAS,EAAE,GAAG,EAAE;QAClB,MAAM,CAAC,IAAI,CAAC,OAAO,EAAE,CAAC,CAAC,IAAI,CAAC,KAAK,CAAC,CAAC;IACpC,CAAC,CAAC,CAAC;IAEH,EAAE,CAAC,iBAAiB,EAAE,GAAG,EAAE;QAC1B,MAAM,EAAE,GAAG,IAAI,CAAC,GAAG,CAAC,CAAC,CAAC,EAAE,CAAC,CAAC,GAAG,CAAC,CAAC,CAAC;QAChC,MAAM,CAAC,IAAI,CAAC,MAAM,EAAE,CAAC,CAAC,UAAU,EAAE,CAAC;QACnC,MAAM,CAAC,EAAE,CAAC,OAAO,EAAE,CAAC,CAAC,IAAI,CAAC,KAAK,CAAC,CAAC;IAClC,CAAC,CAAC,CAAC;AACJ,CAAC,CAAC,CAAC;AAEH,QAAQ,CAAC,YAAY,EAAE,GAAG,EAAE;IAC3B,MAAM,GAAG,GAAG,eAAM,CAAC,UAAU,CAAC,eAAe,EAAE,EAAE,GAAG,EAAE,CAAC,YAAY,CAAC,CAAC;IACrE,MAAM,EAAE,GAAG,eAAM,CAAC,UAAU,CAAC,GAAG,EAAE,GAAG,EAAE,CAAC,UAAU,CAAC,CAAC;IAEpD,EAAE,CAAC,MAAM,EAAE,GAAG,EAAE;QACf,aAAa;QACb,MAAM,CAAC,GAAG,CAAC,GAAG,CAAC,CAAC,CAAC,EAAE,CAAC,CAAC,GAAG,CAAC,CAAC,CAAC,MAAM,EAAE,CAAC,CAAC,UAAU,EAAE,CAAC;IACnD,CAAC,CAAC,CAAC;IAEH,EAAE,CAAC,aAAa,EAAE,GAAG,EAAE;QACtB,MAAM,CAAC,EAAE,CAAC,GAAG,CAAC,CAAC,CAAC,EAAE,CAAC,IAAI,CAAC,CAAC,MAAM,EAAE,CAAC,CAAC,UAAU,EAAE,CAAC;IACjD,CAAC,CAAC,CAAC;IAEH,EAAE,CAAC,kBAAkB,EAAE,GAAG,EAAE;QAC3B,MAAM,CAAC,EAAE,CAAC,GAAG,CAAC,CAAC,CAAC,EAAE,CAAC,CAAC,GAAG,CAAC,CAAC,CAAC,GAAG,EAAE,CAAC,CAAC,OAAO,CAAC,GAAG,CAAC,CAAC;IAC/C,CAAC,CAAC,CAAC;IAEH,EAAE,CAAC,uBAAuB,EAAE,GAAG,EAAE;QAChC,MAAM,CAAC,EAAE,CAAC,GAAG,CAAC,CAAC,CAAC,EAAE,CAAC,IAAI,GAAG,CAAC,CAAC,CAAC,GAAG,EAAE,CAAC,CAAC,OAAO,CAAC,OAAO,CAAC,CAAC;IACtD,CAAC,CAAC,CAAC;IAEH,EAAE,CAAC,iBAAiB,EAAE,GAAG,EAAE;QAC1B,MAAM,CAAC,EAAE,CAAC,GAAG,CAAC,CAAC,CAAC,EAAE,CAAC,GAAG,EAAE,CAAC,CAAC,GAAG,GAAG,CAAC,CAAC,GAAG,EAAE,EAAE,CAAC,CAAC,OAAO,CAAC,GAAG,CAAC,CAAC;IACzD,CAAC,CAAC,CAAC;AACJ,CAAC,CAAC,CAAC;AAEH,QAAQ,CAAC,cAAc,EAAE,GAAG,EAAE;IAC7B,EAAE,CAAC,2BAA2B,EAAE,GAAG,EAAE;QACpC,MAAM,GAAG,GAAG,eAAM,CAAC,OAAO,CAAC,EAAC,EAAE,EAAE,KAAK,EAAC,CAAC,CAAC,KAAK,CAAC,GAAG,EAAE,CAAC,eAAM,CAAC,OAAO,CAAC,IAAI,UAAU,EAAE,CAAC,EAAE,CAAC,CAAC,EAAE,CAAC,EAAE,EAAE,CAAC,CAAC,CAAC,EAAE,GAAG,CAAC,CAAC,EAAE,CAAC,CAAC;QAC7G,MAAM,CAAC,GAAG,CAAC,GAAG,EAAE,CAAC,EAAE,CAAC,CAAC,OAAO,CAAC,KAAK,CAAC,CAAC;IACrC,CAAC,CAAC,CAAC;IAEH,EAAE,CAAC,0BAA0B,EAAE,GAAG,EAAE;QACnC,MAAM,GAAG,GAAG,eAAM,CAAC,OAAO,CAAC,EAAC,EAAE,EAAE,KAAK,EAAC,CAAC;aACrC,KAAK,CAAC,GAAG,CAAC,EAAE,CAAC,eAAM,CAAC,WAAW,CAAC,GAAG,EAAE,CAAC,KAAK,EAAE,GAAG,EAAE,CAAC,KAAK,EAAE,GAAG,EAAE,CAAC,IAAI,UAAU,EAAE,CAAC,EAAE,CAAC,CAAC,EAAE,CAAC,EAAE,EAAE,CAAC,CAAC,CAAC,EAAE,GAAG,CAAC,CAAC,EAAE,CAAC,CAAC;QAC5G,MAAM,CAAC,GAAG,CAAC,MAAM,EAAE,CAAC,CAAC,UAAU,EAAE,CAAC;IACnC,CAAC,CAAC,CAAC;IAEH,EAAE,CAAC,0BAA0B,EAAE,GAAG,EAAE;QACnC,MAAM,GAAG,GAAG,eAAM,CAAC,WAAW,CAAY,GAAG,EAAE,CAAC,KAAK,EAAE,GAAG,EAAE,CAAC,KAAK,EAAE,GAAG,EAAE,CAAC,IAAI,SAAS,CAAC,OAAO,CAAC,CAAC;aAC/F,KAAK,CAAC,GAAG,EAAE,CAAC,eAAM,CAAC,OAAO,CAAC,IAAI,UAAU,EAAE,CAAC,EAAE,CAAC,CAAM,EAAE,CAAM,EAAE,EAAE,CAAC,CAAC,CAAC,EAAE,GAAG,CAAC,CAAC,EAAE,CAAC,CAAC;QACjF,MAAM,CAAC,GAAG,CAAC,MAAM,EAAE,CAAC,CAAC,UAAU,EAAE,CAAC;IACnC,CAAC,CAAC,CAAC;AAEJ,CAAC,CAAC,CAAC;AAEH,QAAQ,CAAC,gBAAgB,EAAE,GAAG,EAAE;IAC/B,EAAE,CAAC,UAAU,EAAE,GAAG,EAAE;QACnB,MAAM,GAAG,GAAG,eAAM,CAAC,OAAO,CAAC,eAAM,CAAC,MAAM,CAAC,IAAI,CAAC,EAAE,eAAM,CAAC,MAAM,CAAC,IAAI,CAAC,EAAE,eAAM,CAAC,MAAM,CAAC,IAAI,CAAC,CAAC,CAAC;QAC1F,MAAM,CAAC,GAAG,CAAC,MAAM,EAAE,CAAC,CAAC,UAAU,EAAE,CAAC;IACnC,CAAC,CAAC,CAAC;IAEH,EAAE,CAAC,WAAW,EAAE,GAAG,EAAE;QACpB,MAAM,GAAG,GAAG,eAAM,CAAC,OAAO,CAAC,eAAM,CAAC,OAAO,CAAC,CAAC,CAAC,EAAE,eAAM,CAAC,OAAO,CAAC,EAAE,CAAC,EAAE,eAAM,CAAC,OAAO,CAAC,CAAC,CAAC,CAAC,CAAC;QACrF,MAAM,CAAC,GAAG,CAAC,OAAO,EAAE,CAAC,CAAC,UAAU,EAAE,CAAC;QACnC,MAAM,CAAC,GAAG,CAAC,GAAG,EAAE,CAAC,CAAC,OAAO,CAAC,CAAC,CAAC,EAAE,EAAE,EAAE,CAAC,CAAC,CAAC,CAAC;IACvC,CAAC,CAAC,CAAC;IAEH,EAAE,CAAC,KAAK,EAAE,GAAG,EAAE;QACd,MAAM,GAAG,GAAG,eAAM,CAAC,OAAO,CAAC,eAAM,CAAC,OAAO,CAAC,CAAC,CAAC,EAAE,eAAM,CAAC,MAAM,CAAC,IAAI,CAAC,EAAE,eAAM,CAAC,OAAO,CAAC,EAAE,CAAC,EAAE,eAAM,CAAC,OAAO,CAAC,CAAC,CAAC,CAAC,CAAC;QAC1G,MAAM,CAAC,GAAG,CAAC,OAAO,EAAE,CAAC,CAAC,UAAU,EAAE,CAAC;QACnC,MAAM,CAAC,GAAG,CAAC,GAAG,EAAE,CAAC,CAAC,OAAO,CAAC,CAAC,CAAC,EAAE,EAAE,EAAE,CAAC,CAAC,CAAC,CAAC;IACvC,CAAC,CAAC,CAAC;AAEJ,CAAC,CAAC,CAAC;AAEH,QAAQ,CAAC,cAAc,EAAE,GAAG,EAAE;IAC7B,EAAE,CAAC,cAAc,EAAE,GAAG,EAAE;QACvB,MAAM,GAAG,GAAG,eAAM,CAAC,KAAK,CAAS,CAAC,CAAC,EAAE,CAAC,eAAM,CAAC,WAAW,CAAC,GAAG,EAAE,CAAC,CAAC,GAAG,CAAC,EAAE,GAAG,EAAE,CAAC,KAAK,EAAE,GAAG,EAAE,CAAC,CAAC,GAAG,CAAC,CAAC,EAAE,eAAM,CAAC,OAAO,CAAC,CAAC,CAAC,CAAC,CAAC,GAAG,EAAE,CAAC;QAC1H,MAAM,CAAC,GAAG,CAAC,CAAC,OAAO,CAAC,CAAC,CAAC,EAAE,CAAC,EAAE,CAAC,EAAE,CAAC,EAAE,CAAC,EAAE,CAAC,CAAC,CAAC,CAAC;IACzC,CAAC,CAAC,CAAC;IAEH,EAAE,CAAC,cAAc,EAAE,GAAG,EAAE;QACvB,MAAM,GAAG,GAAG,eAAM,CAAC,KAAK,CAAS,CAAC,CAAC,EAAE,CAAC,eAAM,CAAC,WAAW,CAAC,GAAG,EAAE,CAAC,KAAK,EAAE,GAAG,EAAE,CAAC,KAAK,EAAE,GAAG,EAAE,CAAC,CAAC,GAAG,CAAC,CAAC,EAAE,eAAM,CAAC,MAAM,CAAC,MAAM,CAAC,CAAC,CAAC;QACxH,MAAM,CAAC,GAAG,CAAC,MAAM,EAAE,CAAC,CAAC,UAAU,EAAE,CAAC;IACnC,CAAC,CAAC,CAAC;AACJ,CAAC,CAAC,CAAC;AAEH,QAAQ,CAAC,eAAe,EAAE,GAAG,EAAE;IAC9B,EAAE,CAAC,MAAM,EAAE,GAAG,EAAE;QACf,MAAM,GAAG,GAAG,eAAM,CAAC,MAAM,CAAC,SAAS,CAAC,CAAC,MAAM,CAAC,GAAG,CAAC,EAAE,CAAC,UAAU,CAAC,MAAM,CAAC,GAAG,EAAE,UAAU,CAAC,EAAE,CAAC,CAAC,EAAE,CAAC,UAAU,CAAC,MAAM,CAAC,WAAW,EAAE,WAAW,CAAC,CAAC,CAAC;QACzI,MAAM,CAAC,GAAG,CAAC,EAAE,CAAC,CAAC,OAAO,CAAC,SAAS,CAAC,CAAC;QAClC,MAAM,CAAC,GAAG,CAAC,EAAE,CAAC,CAAC,OAAO,CAAC,UAAU,CAAC,CAAC;IACpC,CAAC,CAAC,CAAC;IAEH,EAAE,CAAC,OAAO,EAAE,GAAG,EAAE;QAChB,MAAM,GAAG,GAAG,eAAM,CAAC,OAAO,CAAC,IAAI,SAAS,CAAC,UAAU,CAAC,CAAC,CAAC,MAAM,CAAC,GAAG,CAAC,EAAE,CAAC,UAAU,CAAC,MAAM,CAAC,GAAG,EAAE,UAAU,CAAC,EAAE,CAAC,CAAC,EAAE,CAAC,UAAU,CAAC,MAAM,CAAC,CAAC,CAAC,EAAE,EAAE,WAAW,CAAC,CAAC,CAAC;QACnJ,MAAM,CAAC,GAAG,CAAC,EAAE,CAAC,CAAC,OAAO,CAAC,UAAU,CAAC,CAAC;QACnC,MAAM,CAAC,GAAG,CAAC,EAAE,CAAC,CAAC,OAAO,CAAC,WAAW,CAAC,CAAC;IACrC,CAAC,CAAC,CAAC;AACJ,CAAC,CAAC,CAAC;AAEH,QAAQ,CAAC,oBAAoB,EAAE,GAAG,EAAE;IACnC,MAAM,QAAQ,GAAG,eAAM,CAAC,WAAW,CAAC,GAAG,EAAE,CAAC,KAAK,EAAE,GAAG,EAAE,CAAC,YAAY,EAAE,GAAG,EAAE,CAAC,EAAE,CAAC,CAAC;IAC/E,MAAM,SAAS,GAAG,eAAM,CAAC,WAAW,CAAC,GAAG,EAAE,CAAC,IAAI,EAAE,GAAG,EAAE,CAAC,WAAW,EAAE,GAAG,EAAE,CAAC,EAAE,CAAC,CAAC;IAE9E,MAAM,QAAQ,GAAG,eAAM,CAAC,WAAW,CAAC,GAAG,EAAE,CAAC,KAAK,EAAE,GAAG,EAAE,CAAC,YAAY,EAAE,GAAG,EAAE,CAAC,IAAI,SAAS,CAAC,QAAQ,CAAC,CAAC,CAAC;IACpG,MAAM,SAAS,GAAG,eAAM,CAAC,WAAW,CAAC,GAAG,EAAE,CAAC,IAAI,EAAE,GAAG,EAAE,CAAC,WAAW,EAAE,GAAG,EAAE,CAAC,IAAI,SAAS,CAAC,OAAO,CAAC,CAAC,CAAC;IAElG,EAAE,CAAC,mBAAmB,EAAE,GAAG,EAAE;QAC5B,MAAM,CAAC,QAAQ,CAAC,MAAM,EAAE,CAAC,CAAC,UAAU,EAAE,CAAC;QACvC,MAAM,GAAG,GAAG,QAAQ,CAAC,GAAG,CAAC,CAAC,CAAC,EAAE,CAAC,CAAC,CAAC,EAAE,GAAG,SAAS,CAAC,CAAC;QAChD,MAAM,CAAC,GAAG,CAAC,MAAM,CAAC,CAAC,UAAU,EAAE,CAAC;QAChC,MAAM,CAAC,GAAG,CAAC,QAAQ,EAAE,CAAC,CAAC,OAAO,CAAC,kBAAkB,CAAC,CAAC;IACpD,CAAC,CAAC,CAAC;IAEH,EAAE,CAAC,qBAAqB,EAAE,GAAG,EAAE;QAC9B,MAAM,CAAC,QAAQ,CAAC,QAAQ,EAAE,CAAC,CAAC,OAAO,CAAC,kBAAkB,CAAC,CAAC;IACzD,CAAC,CAAC,CAAC;IAEH,EAAE,CAAC,oBAAoB,EAAE,GAAG,EAAE;QAC7B,MAAM,CAAC,QAAQ,CAAC,OAAO,EAAE,CAAC,CAAC,SAAS,EAAE,CAAC;IACxC,CAAC,CAAC,CAAC;IAEH,EAAE,CAAC,oBAAoB,EAAE,GAAG,EAAE;QAC7B,MAAM,CAAC,SAAS,CAAC,MAAM,EAAE,CAAC,CAAC,SAAS,EAAE,CAAC;IACxC,CAAC,CAAC,CAAC;IAEH,EAAE,CAAC,qBAAqB,EAAE,GAAG,EAAE;QAC9B,MAAM,CAAC,SAAS,CAAC,OAAO
[...]
{"start":{"line":48,"column":17},"end":{"line":48,"column":18}},"loc":{"start":{"line":48,"column":30},"end":{"line":51,"column":1}},"line":48},"16":{"name":"(anonymous_16)","decl":{"start":{"line":49,"column":28},"end":{"line":49,"column":29}},"loc":{"start":{"line":49,"column":33},"end":{"line":49,"column":44}},"line":49},"17":{"name":"(anonymous_17)","decl":{"start":{"line":49,"column":50},"end":{"line":49,"column":51}},"loc":{"start":{"line":49,"column":55},"end":{"line":49,"column":62}},"line":49},"18":{"name":"(anonymous_18)","decl":{"start":{"line":50,"column":30},"end":{"line":50,"column":31}},"loc":{"start":{"line":50,"column":36},"end":{"line":50,"column":50}},"line":50},"19":{"name":"(anonymous_19)","decl":{"start":{"line":50,"column":52},"end":{"line":50,"column":53}},"loc":{"start":{"line":50,"column":58},"end":{"line":50,"column":102}},"line":50},"20":{"name":"(anonymous_20)","decl":{"start":{"line":50,"column":104},"end":{"line":50,"column":105}},"loc":{"start":{"line":50,"column":110},"end":{"line":50,"column":113}},"line":50},"21":{"name":"(anonymous_21)","decl":{"start":{"line":53,"column":4},"end":{"line":53,"column":5}},"loc":{"start":{"line":53,"column":21},"end":{"line":55,"column":5}},"line":53},"22":{"name":"(anonymous_22)","decl":{"start":{"line":56,"column":4},"end":{"line":56,"column":5}},"loc":{"start":{"line":56,"column":24},"end":{"line":58,"column":5}},"line":56},"23":{"name":"(anonymous_23)","decl":{"start":{"line":59,"column":4},"end":{"line":59,"column":5}},"loc":{"start":{"line":59,"column":15},"end":{"line":61,"column":5}},"line":59},"24":{"name":"(anonymous_24)","decl":{"start":{"line":62,"column":4},"end":{"line":62,"column":5}},"loc":{"start":{"line":62,"column":12},"end":{"line":64,"column":5}},"line":62},"25":{"name":"(anonymous_25)","decl":{"start":{"line":65,"column":4},"end":{"line":65,"column":5}},"loc":{"start":{"line":65,"column":18},"end":{"line":67,"column":5}},"line":65},"26":{"name":"(anonymous_26)","decl":{"start":{"line":68,"column":4},"end":{"line":68,"column":5}},"loc":{"start":{"line":68,"column":13},"end":{"line":70,"column":5}},"line":68},"27":{"name":"(anonymous_27)","decl":{"start":{"line":71,"column":4},"end":{"line":71,"column":5}},"loc":{"start":{"line":71,"column":13},"end":{"line":73,"column":5}},"line":71},"28":{"name":"(anonymous_28)","decl":{"start":{"line":74,"column":4},"end":{"line":74,"column":5}},"loc":{"start":{"line":74,"column":31},"end":{"line":76,"column":5}},"line":74},"29":{"name":"(anonymous_29)","decl":{"start":{"line":77,"column":4},"end":{"line":77,"column":5}},"loc":{"start":{"line":77,"column":14},"end":{"line":79,"column":5}},"line":77},"30":{"name":"(anonymous_30)","decl":{"start":{"line":80,"column":4},"end":{"line":80,"column":5}},"loc":{"start":{"line":80,"column":18},"end":{"line":82,"column":5}},"line":80},"31":{"name":"(anonymous_31)","decl":{"start":{"line":83,"column":4},"end":{"line":83,"column":5}},"loc":{"start":{"line":83,"column":18},"end":{"line":85,"column":5}},"line":83},"32":{"name":"(anonymous_32)","decl":{"start":{"line":86,"column":4},"end":{"line":86,"column":5}},"loc":{"start":{"line":86,"column":10},"end":{"line":88,"column":5}},"line":86},"33":{"name":"(anonymous_33)","decl":{"start":{"line":89,"column":4},"end":{"line":89,"column":5}},"loc":{"start":{"line":89,"column":15},"end":{"line":91,"column":5}},"line":89},"34":{"name":"(anonymous_34)","decl":{"start":{"line":95,"column":4},"end":{"line":95,"column":5}},"loc":{"start":{"line":95,"column":23},"end":{"line":97,"column":5}},"line":95},"35":{"name":"(anonymous_35)","decl":{"start":{"line":98,"column":4},"end":{"line":98,"column":5}},"loc":{"start":{"line":98,"column":15},"end":{"line":104,"column":5}},"line":98},"36":{"name":"(anonymous_36)","decl":{"start":{"line":105,"column":4},"end":{"line":105,"column":5}},"loc":{"start":{"line":105,"column":18},"end":{"line":107,"column":5}},"line":105},"37":{"name":"(anonymous_37)","decl":{"start":{"line":108,"column":4},"end":{"line":108,"column":5}},"loc":{"start":{"line":108,"column":13},"end":{"line":111,"column":5}},"line":108},"38":{"name":"(anonymous_38)","decl":{"start":{"line":112,"column":4},"end":{"line":112,"column":5}},"loc":{"start":{"line":112,"column":31},"end":{"line":120,"column":5}},"line":112},"39":{"name":"(anonymous_39)","decl":{"start":{"line":121,"column":4},"end":{"line":121,"column":5}},"loc":{"start":{"line":121,"column":12},"end":{"line":125,"column":5}},"line":121},"40":{"name":"(anonymous_40)","decl":{"start":{"line":126,"column":4},"end":{"line":126,"column":5}},"loc":{"start":{"line":126,"column":18},"end":{"line":134,"column":5}},"line":126},"41":{"name":"(anonymous_41)","decl":{"start":{"line":135,"column":4},"end":{"line":135,"column":5}},"loc":{"start":{"line":135,"column":13},"end":{"line":137,"column":5}},"line":135},"42":{"name":"(anonymous_42)","decl":{"start":{"line":138,"column":4},"end":{"line":138,"column":5}},"loc":{"start":{"line":138,"column":14},"end":{"line":140,"column":5}},"line":138},"43":{"name":"(anonymous_43)","decl":{"start":{"line":141,"column":4},"end":{"line":141,"column":5}},"loc":{"start":{"line":141,"column":18},"end":{"line":143,"column":5}},"line":141},"44":{"name":"(anonymous_44)","decl":{"start":{"line":144,"column":4},"end":{"line":144,"column":5}},"loc":{"start":{"line":144,"column":15},"end":{"line":146,"column":5}},"line":144},"45":{"name":"(anonymous_45)","decl":{"start":{"line":147,"column":4},"end":{"line":147,"column":5}},"loc":{"start":{"line":147,"column":24},"end":{"line":149,"column":5}},"line":147}},"branchMap":{"0":{"loc":{"start":{"line":17,"column":15},"end":{"line":17,"column":62}},"type":"cond-expr","locations":[{"start":{"line":17,"column":30},"end":{"line":17,"column":45}},{"start":{"line":17,"column":48},"end":{"line":17,"column":62}}],"line":17},"1":{"loc":{"start":{"line":20,"column":15},"end":{"line":20,"column":60}},"type":"cond-expr","locations":[{"start":{"line":20,"column":23},"end":{"line":20,"column":41}},{"start":{"line":20,"column":44},"end":{"line":20,"column":60}}],"line":20},"2":{"loc":{"start":{"line":24,"column":15},"end":{"line":24,"column":102}},"type":"cond-expr","locations":[{"start":{"line":24,"column":35},"end":{"line":24,"column":53}},{"start":{"line":24,"column":56},"end":{"line":24,"column":102}}],"line":24},"3":{"loc":{"start":{"line":34,"column":28},"end":{"line":34,"column":37}},"type":"default-arg","locations":[{"start":{"line":34,"column":34},"end":{"line":34,"column":37}}],"line":34},"4":{"loc":{"start":{"line":39,"column":8},"end":{"line":41,"column":9}},"type":"if","locations":[{"start":{"line":39,"column":8},"end":{"line":41,"column":9}},{"start":{"line":39,"column":8},"end":{"line":41,"column":9}}],"line":39},"5":{"loc":{"start":{"line":100,"column":8},"end":{"line":102,"column":9}},"type":"if","locations":[{"start":{"line":100,"column":8},"end":{"line":102,"column":9}},{"start":{"line":100,"column":8},"end":{"line":102,"column":9}}],"line":100},"6":{"loc":{"start":{"line":115,"column":8},"end":{"line":117,"column":9}},"type":"if","locations":[{"start":{"line":115,"column":8},"end":{"line":117,"column":9}},{"start":{"line":115,"column":8},"end":{"line":117,"column":9}}],"line":115},"7":{"loc":{"start":{"line":115,"column":12},"end":{"line":115,"column":40}},"type":"binary-expr","locations":[{"start":{"line":115,"column":12},"end":{"line":115,"column":24}},{"start":{"line":115,"column":28},"end":{"line":115,"column":40}}],"line":115},"8":{"loc":{"start":{"line":124,"column":15},"end":{"line":124,"column":117}},"type":"cond-expr","locations":[{"start":{"line":124,"column":30},"end":{"line":124,"column":70}},{"start":{"line":124,"column":73},"end":{"line":124,"column":117}}],"line":124},"9":{"loc":{"start":{"line":124,"column":73},"end":{"line":124,"column":117}},"type":"cond-expr","locations":[{"start":{"line":124,"column":97},"end":{"line":124,"column":100}},{"start":{"line":124,"column":103},"end":{"line":124,"column":117}}],"line":124},"10":{"loc":{"start":{"line":129,"column":8},"end":{"line":131,"column":9}},"type":"if","locations":[{"start":{"line":129,"column":8},"end":{"line":131,"column":9}},{"start":{"line":129,"column":8},"end":{"line":131,"column":9}}],"line":129},"11":{"loc":{"start":{"line":129,"column":12},"end":{"line":129,"column":40}},"type":"binary-expr","locations":[{"start":{"line":129,"column":12},"end":{"line":129,"column":24}},{"start":{"line":129,"column":28},"end":{"line":129,"column":40}}],"line":129},"12":{"loc":{"start":{"line":142,"column":15},"end":{"line":142,"column":51}},"type":"cond-expr","locations":[{"start":{"line":142,"column":35},"end":{"line":142,"column":40}},{"start":{"line":142,"column":43},"end":{"line":142,"column":51}}],"line":142}},"s":{"0":1,"1":1,"2":1,"3":69,"4":69,"5":22,"6":9,"7":11,"8":23,"9":2,"10":6,"11":2,"12":2,"13":31,"14":6,"15":1,"16":1,"17":2,"18":2,"19":2,"20":2,"21":6,"22":0,"23":6,"24":6,"25":6,"26":6,"27":2,"28":2,"29":1,"30":1,"31":1,"32":3,"33":10,"34":6,"35":3,"36":3,"37":1,"38":2,"39":27,"40":1,"41":0,"42":1,"43":1,"44":0,"45":4,"46":1,"47":6,"48":0,"49":0,"50":0,"51":4,"52":1,"53":42,"54":0,"55":0,"56":0,"57":0,"58":0,"59":6,"60":6,"61":2,"62":2,"63":2,"64":1,"65":1,"66":1,"67":1,"68":1,"69":1,"70":4,"71":4,"72":4,"73":1,"74":3,"75":3,"76":8,"77":12,"78":0,"79":0,"80":1,"81":1},"f":{"0":69,"1":22,"2":9,"3":11,"4":23,"5":2,"6":6,"7":2,"8":31,"9":6,"10":2,"11":6,"12":2,"13":1,"14":1,"15":3,"16":10,"17":6,"18":3,"19":1,"20":2,"21":27,"22":1,"23":0,"24":1,"25":1,"26":0,"27":4,"28":1,"29":6,"30":0,"31":0,"32":0,"33":4,"34":42,"35":0,"36":0,"37":6,"38":2,"39":1,"40":4,"41":8,"42":12,"43":0,"44":0,"45":1},"b":{"0":[6,5],"1":[12,11],"2":[1,1],"3":[2],"4":[0,6],"5":[0,0],"6":[1,1],"7":[2,2],"8":[0,1],"9":[0,1],"10":[1,3],"11":[4,4],"12":[0,0]},"inputSourceMap":{"version":3,"file":"/Users/mmiklas/Development/TypeScript/functional-ts/src/either.ts","sources":["/Users/mmiklas/Development/TypeScript/functional-ts/src/either.ts"],"names":[],"mappings":";;;AAAA,2BAA2B;AAE3B,MAAsB,MAAM;IAI3B,YAAsB,KAAQ,EAAE,GAAW;QAC1C,IAAI,CAAC,GAAG,GAAG,KAAK,CAAC;QACjB,IAAI,CAAC,GAAG,GAAG,GAAG,CAAC;IAChB,CAAC;IAsBD,MAAM,CAAC,OAAO,CAAI,GAAM;QACvB,OAAO,IAAI,KAAK,CAAI,GAAG,CAAC,CAAC;IAC1B,CAAC;IAED,MAAM,CAAC,MAAM,CAAI,GAAW;QAC3B,OAAO,IAAI,IAAI,CAAC,GAAG,CAAC,CAAC;IACtB,CAAC;IAED,MAAM,CAAC,UAAU,CAAI,GAAkB,EAAE,GAAiB;QACzD,OAAO,CAAC,CAAC,KAAK,CAAC,GAAG,CAAC,CAAC,CAAC,CAAC,IAAI,IAAI,CAAI,GAAG,EAAE,CAAC,CAAC,CAAC,CAAC,IAAI,KAAK,CAAI,GAAG,CAAC,CAAC;IAC9D,CAAC;IAED,MAAM,CAAC,WAAW,CAAI,GAAkB,EAAE,IAAkB,EAAE,KAAc;QAC3E,OAAO,GAAG,EAAE,CAAC,CAAC,CAAC,IAAI,KAAK,CAAI,KAAK,EAAE,CAAC,CAAC,CAAC,CAAC,IAAI,IAAI,CAAI,IAAI,EAAE,CAAC,CAAC;IAC5D,CAAC;IAED,MAAM,CAAC,OAAO,CAAI,KAAoB,EAAE,KAAc;QACrD,MAAM,IAAI,GAAG,KAAK,CAAC,MAAM,CAAC,CAAC,CAAC,EAAE,CAAC,CAAC,CAAC,MAAM,EAAE,CAAC,CAAC;QAC3C,OAAO,IAAI,CAAC,MAAM,KAAK,CAAC,CAAC,CAAC,CAAC,IAAI,KAAK,CAAI,KAAK,EAAE,CAAC,CAAC,CAAC,CAAC,IAAI,IAAI,CAAC,IAAI,CAAC,GAAG,CAAC,CAAC,CAAC,EAAE,CAAC,CAAC,CAAC,OAAO,EAAE,CAAC,CAAC,IAAI,CAAC,GAAG,CAAC,CAAC,CAAC;IACnG,CAAC;IAED,GAAG;QACF,OAAO,IAAI,CAAC,GAAG,CAAC;IACjB,CAAC;IAED,OAAO;QACN,OAAO,IAAI,CAAC,GAAG,CAAC;IACjB,CAAC;;AAxDF,wBA6EC;AApEO,YAAK,GAAG,CAAI,IAAgC,EAAE,IAAe,EAAE,MAAc,GAAG,EAAe,EAAE;IACvG,IAAI,GAAG,GAAG,IAAI,CAAC;IACf,MAAM,GAAG,GAAQ,EAAE,CAAC;IACpB,IAAI,GAAG,GAAG,CAAC,CAAC;IACZ,OAAO,GAAG,CAAC,OAAO,EAAE,EAAE;QACrB,IAAI,GAAG,GAAG,GAAG,EAAE;YACd,MAAM;SACN;QACD,GAAG,CAAC,IAAI,CAAC,CAAC,CAAC,EAAE,EAAE,CAAC,GAAG,CAAC,IAAI,CAAC,CAAC,CAAC,CAAC,CAAC;QAC7B,GAAG,GAAG,IAAI,CAAC,GAAG,CAAC,GAAG,EAAE,CAAC,CAAC;QACtB,GAAG,GAAG,GAAG,GAAG,CAAC,CAAC;KACd;IACD,OAAO,MAAM,CAAC,WAAW,CAAC,GAAG,EAAE,CAAC,GAAG,CAAC,MAAM,GAAG,CAAC,EAAE,GAAG,EAAE,CAAC,mBAAmB,GAAG,IAAI,EAAE,GAAG,EAAE,CAAC,GAAG,CAAC,CAAC;AAC9F,CAAC,CAAC;AAEK,cAAO,GAAG,CAAI,GAAG,IAAiB,EAAe,EAAE;IACzD,MAAM,GAAG,GAAG,IAAI,CAAC,MAAM,CAAC,CAAC,CAAC,EAAE,CAAC,CAAC,CAAC,OAAO,EAAE,CAAC,CAAC,GAAG,CAAC,CAAC,CAAC,EAAE,CAAC,CAAC,CAAC,GAAG,EAAE,CAAC,CAAC;IAC5D,OAAO,MAAM,CAAC,WAAW,CAAC,GAAG,EAAE,CAAC,GAAG,CAAC,MAAM,GAAG,CAAC,EAAE,GAAG,EAAE,CAAC,qCAAqC,GAAG,IAAI,EAAE,GAAG,EAAE,CAAC,GAAG,CAAC,CAAC;AAChH,CAAC,CAAC;AAoDH,MAAa,IAAQ,SAAQ,MAAS;IAErC,YAAY,GAAW;QACtB,KAAK,CAAC,IAAW,EAAE,GAAG,CAAC,CAAC;IACzB,CAAC;IAED,MAAM,CAAI,IAAwB,EAAE,KAAkB;QACrD,OAAO,IAAI,CAAC,IAAI,CAAC,GAAG,CAAC,CAAC;IACvB,CAAC;IAED,MAAM,CAAC,EAA4B;QAClC,OAAO,IAAI,CAAC;IACb,CAAC;IAED,GAAG,CAAC,EAAmB;QACtB,OAAO,IAAI,CAAC;IACb,CAAC;IAED,KAAK,CAAI,EAAyB,EAAE,EAAwB;QAC3D,OAAO,IAA4B,CAAC;IACrC,CAAC;IAED,IAAI,CAAC,EAAkB;QACtB,OAAO,IAAI,CAAC;IACb,CAAC;IAED,MAAM;QACL,OAAO,IAAI,CAAC;IACb,CAAC;IAED,MAAM,CAAI,QAA6B,EAAE,QAA8B;QACtE,OAAO,IAAI,CAAC;IACb,CAAC;IAED,OAAO;QACN,OAAO,KAAK,CAAC;IACd,CAAC;IAED,MAAM,CAAC,KAAQ;QACd,OAAO,KAAK,CAAC;IACd,CAAC;IAED,SAAS,CAAC,EAAW;QACpB,OAAO,EAAE,EAAE,CAAC;IACb,CAAC;IAED,GAAG;QACF,MAAM,IAAI,SAAS,CAAC,qBAAqB,GAAG,IAAI,CAAC,OAAO,EAAE,CAAC,CAAC;IAC7D,CAAC;IAED,QAAQ;QACP,OAAO,QAAQ,IAAI,CAAC,OAAO,EAAE,GAAG,CAAC;IAClC,CAAC;CACD;AArDD,oBAqDC;AAED,MAAa,KAAS,SAAQ,MAAS;IAEtC,YAAY,KAAQ;QACnB,KAAK,CAAC,KAAK,EAAE,OAAO,CAAC,CAAC;IACvB,CAAC;IAED,MAAM,CAAC,EAA4B;QAClC,MAAM,IAAI,GAAG,EAAE,CAAC,IAAI,CAAC,GAAG,CAAC,CAAC;QAC1B,IAAI,IAAI,CAAC,MAAM,EAAE,EAAE;YAClB,OAAO,MAAM,CAAC,MAAM,CAAC,IAAI,CAAC,OAAO,EAAE,CAAC,CAAC;SACrC;QACD,OAAO,IAAI,CAAC;IACb,CAAC;IAED,SAAS,CAAC,EAAW;QACpB,OAAO,IAAI,CAAC,GAAG,CAAC;IACjB,CAAC;IAED,IAAI,CAAC,EAAkB;QACtB,EAAE,CAAC,IAAI,CAAC,GAAG,EAAE,CAAC,CAAC;QACf,OAAO,IAAI,CAAC;IACb,CAAC;IAED,MAAM,CAAI,QAA6B,EAAE,QAA8B;QACtE,MAAM,GAAG,GAAG,IAAI,CAAC,GAAG,EAAE,CAAC;QACvB,MAAM,GAAG,GAAG,QAAQ,CAAC,GAAG,CAAC,CAAC;QAC1B,IAAI,CAAC,CAAC,KAAK,CAAC,GAAG,CAAC,IAAI,GAAG,CAAC,MAAM,EAAE,EAAE;YACjC,OAAO,MAAM,CAAC,MAAM,CAAC,sBAAsB,GAAG,GAAG,CAAC,CAAC;SACnD;QACD,QAAQ,CAAC,GAAG,EAAE,GAAG,CAAC,GAAG,EAAE,CAAC,CAAC;QACzB,OAAO,IAAI,KAAK,CAAC,GAAG,CAAC,CAAC;IACvB,CAAC;IAED,GAAG,CAAC,EAAiB;QACpB,MAAM,GAAG,GAAG,IAAI,CAAC,GAAG,EAAE,CAAC;QACvB,MAAM,GAAG,GAAG,EAAE,CAAC,GAAG,CAAC,CAAC;QACpB,OAAO,CAAC,CAAC,KAAK,CAAC,GAAG,CAAC,CAAC,CAAC,CAAC,MAAM,CAAC,MAAM,CAAC,mBAAmB,GAAG,GAAG,CAAC,CAAC,CAAC,CAAC,GAAG,YAAY,MAAM,CAAC,CAAC,CAAC,GAAG,CAAC,CAAC,CAAC,IAAI,KAAK,CAAC,GAAG,CAAC,CAAC;IAC/G,CAAC;IAED,KAAK,CAAI,EAAyB,EAAE,EAAwB;QAC3D,MAAM,GAAG,GAAG,IAAI,CAAC,GAAG,EAAE,CAAC;QACvB,MAAM,GAAG,GAAG,EAAE,CAAC,GAAG,CAAC,CAAC;QACpB,IAAI,CAAC,CAAC,KAAK,CAAC,GAAG,CAAC,IAAI,GAAG,CAAC,MAAM,EAAE,EAAE;YACjC,OAAO,MAAM,CAAC,MAAM,CAAC,qBAAqB,GAAG,GAAG,CAAC,CAAC;SAClD;QACD,EAAE,CAAC,GAAG,CAAC,GAAG,EAAE,EAAE,GAAG,CAAC,CAAC;QACnB,OAAO,GAAG,CAAC;IACZ,CAAC;IAED,MAAM;QACL,OAAO,KAAK,CAAC;IACd,CAAC;IAED,OAAO;QACN,OAAO,IAAI,CAAC;IACb,CAAC;IAED,MAAM,CAAC,KAAQ;QACd,OAAO,CAAC,CAAC,KAAK,CAAC,IAAI,CAAC,GAAG,CAAC,CAAC,CAAC,CAAC,KAAK,CAAC,CAAC,CAAC,IAAI,CAAC,GAAG,CAAC;IAC7C,CAAC;IAED,QAAQ;QACP,OAAO,SAAS,IAAI,CAAC,GAAG,EAAE,GAAG,CAAC;IAC/B,CAAC;IAED,MAAM,CAAI,IAAwB,EAAE,KAAkB;QACrD,OAAO,KAAK,CAAC,IAAI,CAAC,GAAG,CAAC,CAAC;IACxB,CAAC;CACD;AApED,sBAoEC","sourcesContent":["import * as R from 'ramda';\n\nexport abstract class Either<T> {\n\tprotected readonly val: T;\n\tprotected readonly msg: string;\n\n\tprotected constructor(value: T, msg: string) {\n\t\tthis.val = value;\n\t\tthis.msg = msg;\n\t}\n\n\tstatic until = <T>(next: (previous: T) => Either<T>, init: Either<T>, max: number = 500): Either<T[]> => {\n\t\tlet val = init;\n\t\tconst all: T[] = [];\n\t\tlet cnt = 0;\n\t\twhile (val.isRight()) {\n\t\t\tif (cnt > max) {\t\t\t\t\n\t\t\t\tbreak;\n\t\t\t}\n\t\t\tval.exec((v) => all.push(v));\n\t\t\tval = next(val.get());\n\t\t\tcnt = cnt + 1;\n\t\t}\n\t\treturn Either.ofCondition(() => all.length > 0, () => 'Empty result for ' + init, () => all);\n\t};\n\n\tstatic ofArray = <T>(...args: Either<T>[]): Either<T[]> => {\n\t\tconst ret = args.filter(e => e.isRight()).map(e => e.get());\n\t\treturn Either.ofCondition(() => ret.length > 0, () => 'All candidates for Array are Left: ' + args, () => ret);\n\t};\n\n\tstatic ofRight<T>(val: T): Either<T> {\n\t\treturn new Right<T>(val);\n\t}\n\n\tstatic ofLeft<T>(msg: string): Either<T> {\n\t\treturn new Left(msg);\n\t}\n\n\tstatic ofNullable<T>(val: T | undefined, msg: () => string): Either<T> {\n\t\treturn R.isNil(val) ? new Left<T>(msg()) : new Right<T>(val);\n\t}\n\n\tstatic ofCondition<T>(cnd: () => boolean, left: () => string, right: () => T): Either<T> {\n\t\treturn cnd() ? new Right<T>(right()) : new Left<T>(left());\n\t}\n\n\tstatic ofTruth<T>(truth: Either<any>[], right: () => T): Either<T> {\n\t\tconst left = truth.filter(e => e.isLeft());\n\t\treturn left.length === 0 ? new Right<T>(right()) : new Left(left.map(l => l.message()).join(','));\n\t}\n\n\tget(): T {\n\t\treturn this.val;\n\t}\n\n\tmessage(): string {\n\t\treturn this.msg;\n\t}\n\n\tabstract mapGet<V>(left: (msg: string) => V, right: (v: T) => V): V;\n\n\tabstract orElse(other: T): T;\n\n\tabstract orElseGet(fn: () => T): T;\n\n\tabstract isLeft(): boolean;\n\n\tabstract isRight(): boolean;\n\n\tabstract map(fn: (val: T) => any): Either<any>;\n\n\tabstract remap<V>(mf: (val: T) => Either<V>, jf: (v: V, t: T) => void): Either<V>;\n\n\tabstract append<V>(producer: (val: T) => Either<V>, appender: (t: T, v: V) => void): Either<T>;\n\n\tabstract exec(fn: (v: T) => void): Either<T>;\n\n\tabstract assert(fn: (v: T) => Either<string>): Either<T>;\n}\n\nexport class Left<T> extends Either<T> {\n\n\tconstructor(msg: string) {\n\t\tsuper(null as any, msg);\n\t}\n\n\tmapGet<V>(left: (msg: string) => V, right: (v: T) => V): V {\n\t\treturn left(this.msg);\n\t}\n\n\tassert(fn: (v: T) => Either<string>): Either<T> {\n\t\treturn this;\n\t}\n\n\tmap(fn: (val: T) => any): Either<any> {\n\t\treturn this;\n\t}\n\n\tremap<V>(mf: (val: T) => Either<V>, jf: (v: V, t: T) => void): Either<V> {\n\t\treturn this as unknown as Either<V>;\n\t}\n\n\texec(fn: (v: T) => void): Either<T> {\n\t\treturn this;\n\t}\n\n\tisLeft(): boolean {\n\t\treturn true;\n\t}\n\n\tappend<V>(producer: (v: T) => Either<V>, appender: (t: T, v: V) => void): Either<T> {\n\t\treturn this;\n\t}\n\n\tisRight(): boolean {\n\t\treturn false;\n\t}\n\n\torElse(other: T): T {\n\t\treturn other;\n\t}\n\n\torElseGet(fn: () => T): T {\n\t\treturn fn();\n\t}\n\n\tget(): T {\n\t\tthrow new TypeError('Left has no value: ' + this.message());\n\t}\n\n\ttoString(): string {\n\t\treturn `Left[${this.message()}]`;\n\t}\n}\n\nexport class Right<T> extends Either<T> {\n\n\tconstructor(value: T) {\n\t\tsuper(value, 'Right');\n\t}\n\n\tassert(fn: (v: T) => Either<string>): Either<T> {\n\t\tconst resp = fn(this.val);\n\t\tif (resp.isLeft()) {\t\t\t\n\t\t\treturn Either.ofLeft(resp.message());\n\t\t}\n\t\treturn this;\n\t}\n\n\torElseGet(fn: () => T): T {\n\t\treturn this.val;\n\t}\n\n\texec(fn: (v: T) => void): Either<T> {\n\t\tfn(this.get());\n\t\treturn this;\n\t}\n\n\tappend<V>(producer: (v: T) => Either<V>, appender: (t: T, v: V) => void): Either<T> {\n\t\tconst val = this.get();\n\t\tconst res = producer(val);\n\t\tif (R.isNil(res) || res.isLeft()) {\n\t\t\treturn Either.ofLeft('append got null for ' + val);\n\t\t}\n\t\tappender(val, res.get());\n\t\treturn new Right(val);\n\t}\n\n\tmap(fn: (v: T) => any): Either<any> {\n\t\tconst val = this.get();\n\t\tconst res = fn(val);\n\t\treturn R.isNil(res) ? Either.ofLeft('map got null for ' + val) : res instanceof Either ? res : new Right(res);\n\t}\n\n\tremap<V>(mf: (val: T) => Either<V>, jf: (v: V, t: T) => void): Either<V> {\n\t\tconst val = this.get();\n\t\tconst res = mf(val);\n\t\tif (R.isNil(res) || res.isLeft()) {\n\t\t\treturn Either.ofLeft('remap got null for ' + val);\n\t\t}\n\t\tjf(res.get(), val);\n\t\treturn res;\n\t}\n\n\tisLeft(): boolean {\n\t\treturn false;\n\t}\n\n\tisRight(): boolean {\n\t\treturn true;\n\t}\n\n\torElse(other: T): T {\n\t\treturn R.isNil(this.val) ? other : this.val;\n\t}\n\n\ttoString(): string {\n\t\treturn `Right[${this.get()}]`;\n\t}\n\n\tmapGet<V>(left: (msg: string) => V, right: (v: T) => V): V {\n\t\treturn right(this.val);\n\t}\n}\n"]},"_coverageSchema":"1a1c01bbd47fc00a2c39e90264f33305004495a9","hash":"fbcfc97dc13fa0f5beadd1af5957715eb435b7d1","contentHash":"0b61699e29d874239264455f40ae382932e41ae7b271779af140c04184aedd7b"}}